<?xml version="1.0" encoding="UTF-8" ?>
<testsuite errors="0" failures="1" hostname="dcet1-info06.uneb.br" name="aplicacao.ShoppingVirtualTest" tests="3" time="2.032" timestamp="2010-11-19T15:33:00">
  <properties>
    <property name="libs.struts2lib-2-0-11-basic.maven-pom" value="" />
    <property name="libs.jsp-compiler.javadoc" value="" />
    <property name="netbeans.autoupdate.country" value="BR" />
    <property name="javac.test.classpath" value="/Applications/NetBeans/NetBeans 6.9.1.app/Contents/Resources/NetBeans/java/modules/ext/hibernate/antlr-2.7.6.jar:/Applications/NetBeans/NetBeans 6.9.1.app/Contents/Resources/NetBeans/java/modules/ext/hibernate/asm.jar:/Applications/NetBeans/NetBeans 6.9.1.app/Contents/Resources/NetBeans/java/modules/ext/hibernate/asm-attrs.jar:/Applications/NetBeans/NetBeans 6.9.1.app/Contents/Resources/NetBeans/java/modules/ext/hibernate/cglib-2.1.3.jar:/Applications/NetBeans/NetBeans 6.9.1.app/Contents/Resources/NetBeans/java/modules/ext/hibernate/commons-collections-2.1.1.jar:/Applications/NetBeans/NetBeans 6.9.1.app/Contents/Resources/NetBeans/ide/modules/ext/commons-logging-1.1.jar:/Applications/NetBeans/NetBeans 6.9.1.app/Contents/Resources/NetBeans/java/modules/ext/hibernate/dom4j-1.6.1.jar:/Applications/NetBeans/NetBeans 6.9.1.app/Contents/Resources/NetBeans/java/modules/ext/hibernate/ehcache-1.2.3.jar:/Applications/NetBeans/NetBeans 6.9.1.app/Contents/Resources/NetBeans/java/modules/ext/hibernate/jdbc2_0-stdext.jar:/Applications/NetBeans/NetBeans 6.9.1.app/Contents/Resources/NetBeans/java/modules/ext/hibernate/jta.jar:/Applications/NetBeans/NetBeans 6.9.1.app/Contents/Resources/NetBeans/java/modules/ext/hibernate/hibernate3.jar:/Applications/NetBeans/NetBeans 6.9.1.app/Contents/Resources/NetBeans/java/modules/ext/hibernate/hibernate-tools.jar:/Applications/NetBeans/NetBeans 6.9.1.app/Contents/Resources/NetBeans/java/modules/ext/hibernate/hibernate-annotations.jar:/Applications/NetBeans/NetBeans 6.9.1.app/Contents/Resources/NetBeans/java/modules/ext/hibernate/hibernate-commons-annotations.jar:/Applications/NetBeans/NetBeans 6.9.1.app/Contents/Resources/NetBeans/java/modules/ext/hibernate/hibernate-entitymanager.jar:/Applications/NetBeans/NetBeans 6.9.1.app/Contents/Resources/NetBeans/java/modules/ext/hibernate/javassist.jar:/Applications/NetBeans/NetBeans 6.9.1.app/Contents/Resources/NetBeans/java/modules/ext/hibernate/ejb3-persistence.jar:/Applications/NetBeans/NetBeans 6.9.1.app/Contents/Resources/NetBeans/java/modules/ext/hibernate/antlr-2.7.6.jar:/Applications/NetBeans/NetBeans 6.9.1.app/Contents/Resources/NetBeans/java/modules/ext/hibernate/asm.jar:/Applications/NetBeans/NetBeans 6.9.1.app/Contents/Resources/NetBeans/java/modules/ext/hibernate/asm-attrs.jar:/Applications/NetBeans/NetBeans 6.9.1.app/Contents/Resources/NetBeans/java/modules/ext/hibernate/cglib-2.1.3.jar:/Applications/NetBeans/NetBeans 6.9.1.app/Contents/Resources/NetBeans/java/modules/ext/hibernate/commons-collections-2.1.1.jar:/Applications/NetBeans/NetBeans 6.9.1.app/Contents/Resources/NetBeans/ide/modules/ext/commons-logging-1.1.jar:/Applications/NetBeans/NetBeans 6.9.1.app/Contents/Resources/NetBeans/java/modules/ext/hibernate/dom4j-1.6.1.jar:/Applications/NetBeans/NetBeans 6.9.1.app/Contents/Resources/NetBeans/java/modules/ext/hibernate/ehcache-1.2.3.jar:/Applications/NetBeans/NetBeans 6.9.1.app/Contents/Resources/NetBeans/java/modules/ext/hibernate/jdbc2_0-stdext.jar:/Applications/NetBeans/NetBeans 6.9.1.app/Contents/Resources/NetBeans/java/modules/ext/hibernate/jta.jar:/Applications/NetBeans/NetBeans 6.9.1.app/Contents/Resources/NetBeans/java/modules/ext/hibernate/hibernate3.jar:/Applications/NetBeans/NetBeans 6.9.1.app/Contents/Resources/NetBeans/java/modules/ext/hibernate/hibernate-tools.jar:/Applications/NetBeans/NetBeans 6.9.1.app/Contents/Resources/NetBeans/java/modules/ext/hibernate/hibernate-annotations.jar:/Applications/NetBeans/NetBeans 6.9.1.app/Contents/Resources/NetBeans/java/modules/ext/hibernate/hibernate-commons-annotations.jar:/Applications/NetBeans/NetBeans 6.9.1.app/Contents/Resources/NetBeans/java/modules/ext/hibernate/hibernate-entitymanager.jar:/Applications/NetBeans/NetBeans 6.9.1.app/Contents/Resources/NetBeans/java/modules/ext/hibernate/javassist.jar:/Applications/NetBeans/NetBeans 6.9.1.app/Contents/Resources/NetBeans/java/modules/ext/hibernate/ejb3-persistence.jar:build/web/WEB-INF/classes:/Applications/NetBeans/NetBeans 6.9.1.app/Contents/Resources/NetBeans/platform/modules/ext/junit-4.5.jar" />
    <property name="libs.jsf20.maven-pom" value="" />
    <property name="libs.DataBindingME.src" value="" />
    <property name="libs.j2me_ant_ext.javadoc" value="" />
    <property name="source.root" value="src" />
    <property name="do.display.browser" value="true" />
    <property name="libs.proguard.javadoc" value="" />
    <property name="libs.junit.javadoc" value="/Applications/NetBeans/NetBeans 6.9.1.app/Contents/Resources/NetBeans/java/docs/junit-3.8.2-api.zip" />
    <property name="javac.includes" value="aplicacao/ShoppingVirtualTest.java" />
    <property name="libs.nsicom-ant-utils.src" value="" />
    <property name="libs.nokiaS80-ant-utils.javadoc" value="" />
    <property name="ant.core.lib" value="/Applications/NetBeans/NetBeans 6.9.1.app/Contents/Resources/NetBeans/java/ant/lib/ant.jar" />
    <property name="libs.swing-app-framework.src" value="" />
    <property name="libs.jakarta_slide_ant_webdav.javadoc" value="" />
    <property name="javadoc.windowtitle" value="" />
    <property name="libs.toplink.classpath" value="/Applications/NetBeans/NetBeans 6.9.1.app/Contents/Resources/NetBeans/java/modules/ext/toplink/toplink-essentials.jar:/Applications/NetBeans/NetBeans 6.9.1.app/Contents/Resources/NetBeans/java/modules/ext/toplink/toplink-essentials-agent.jar" />
    <property name="libs.jsp-compilation.javadoc" value="" />
    <property name="user.dir" value="/Users/matheusmf/NetBeansProjects/PrimeiroIncremento" />
    <property name="com.apple.mrj.application.apple.menu.about.name" value="NetBeans" />
    <property name="libs.hibernate-persistence.javadoc" value="" />
    <property name="libs.JMUnit4CLDC10.javadoc" value="/Applications/NetBeans/NetBeans 6.9.1.app/Contents/Resources/NetBeans/mobility/modules/docs/jmunit-1.2.1-api.zip" />
    <property name="java.vm.version" value="17.1-b03-307" />
    <property name="libs.DataBindingME.classpath" value="/Applications/NetBeans/NetBeans 6.9.1.app/Contents/Resources/NetBeans/mobility/modules/ext/netbeans_databindingme.jar" />
    <property name="libs.jstl11.maven-pom" value="" />
    <property name="libs.Java-EE-GlassFish-v3.wsimport" value="" />
    <property name="libs.nsicom-ant-utils.classpath" value="/Applications/NetBeans/NetBeans 6.9.1.app/Contents/Resources/NetBeans/mobility/ant/nblib/org-netbeans-modules-j2me-cdc-project-nsicom.jar" />
    <property name="libs.MySQLDriver.classpath" value="/Applications/NetBeans/NetBeans 6.9.1.app/Contents/Resources/NetBeans/ide/modules/ext/mysql-connector-java-5.1.6-bin.jar" />
    <property name="no.dependencies" value="false" />
    <property name="libs.jstl11.src" value="" />
    <property name="javadoc.notree" value="false" />
    <property name="lib.dir" value="web/WEB-INF/lib" />
    <property name="netbeans.autoupdate.version" value="1.23" />
    <property name="libs.EclipseLink-GlassFish-v3.classpath" value="/Applications/NetBeans/glassfish-3.0.1/glassfish/modules/org.eclipse.persistence.antlr.jar:/Applications/NetBeans/glassfish-3.0.1/glassfish/modules/org.eclipse.persistence.asm.jar:/Applications/NetBeans/glassfish-3.0.1/glassfish/modules/org.eclipse.persistence.core.jar:/Applications/NetBeans/glassfish-3.0.1/glassfish/modules/org.eclipse.persistence.jpa.jar:/Applications/NetBeans/glassfish-3.0.1/glassfish/modules/org.eclipse.persistence.jpa.modelgen.jar:/Applications/NetBeans/glassfish-3.0.1/glassfish/modules/org.eclipse.persistence.oracle.jar:/Applications/NetBeans/glassfish-3.0.1/glassfish/modules/javax.persistence.jar" />
    <property name="libs.javaee-web-api-6.0.classpath" value="/Applications/NetBeans/NetBeans 6.9.1.app/Contents/Resources/NetBeans/enterprise/modules/ext/javaee-web-api-6.0.jar" />
    <property name="libs.DataBindingME-PIM.maven-pom" value="" />
    <property name="libs.hibernate-support.maven-pom" value="" />
    <property name="libs.hibernate-support.javadoc" value="" />
    <property name="ant.file.PrimeiroIncremento" value="/Users/matheusmf/NetBeansProjects/PrimeiroIncremento/build.xml" />
    <property name="libs.NetBeans MIDP Components.maven-pom" value="" />
    <property name="jdk.home" value="/System/Library/Frameworks/JavaVM.framework/Versions/1.6/Home" />
    <property name="directory.deployment.supported" value="true" />
    <property name="libs.javac-api.src" value="" />
    <property name="javadoc.noindex" value="false" />
    <property name="sun.os.patch.level" value="unknown" />
    <property name="java.vm.specification.name" value="Java Virtual Machine Specification" />
    <property name="libs.semc-ant-utils.classpath" value="/Applications/NetBeans/NetBeans 6.9.1.app/Contents/Resources/NetBeans/mobility/modules/ext/org-netbeans-modules-j2me-cdc-project-semc.jar" />
    <property name="nb.show.statistics.ui" value="usageStatisticsEnabled" />
    <property name="libs.nokiadeployment.classpath" value="/Applications/NetBeans/NetBeans 6.9.1.app/Contents/Resources/NetBeans/mobility/modules/org-netbeans-modules-mobility-deployment-nokia.jar" />
    <property name="netbeans.autoupdate.variant" value="" />
    <property name="have.tests" value="true" />
    <property name="libs.nokiaS80-ant-utils.maven-pom" value="" />
    <property name="org.xml.sax.driver" value="com.sun.org.apache.xerces.internal.jaxp.SAXParserImpl$JAXPSAXParser" />
    <property name="libs.nb_svg_midp_components.src" value="/Applications/NetBeans/NetBeans 6.9.1.app/Contents/Resources/NetBeans/mobility/sources/nb_svg_midp_components-src.zip" />
    <property name="j2ee.server.instance" value="tomcat60:home=/Applications/NetBeans/apache-tomcat-6.0.26:base=apache-tomcat-6.0.26_base" />
    <property name="libs.NetBeans MIDP Components WMA.src" value="/Applications/NetBeans/NetBeans 6.9.1.app/Contents/Resources/NetBeans/mobility/sources/netbeans_midp_components_wma-src.zip" />
    <property name="libs.javac-api.javadoc" value="" />
    <property name="os.name" value="Mac OS X" />
    <property name="libs.beans-binding.classpath" value="/Applications/NetBeans/NetBeans 6.9.1.app/Contents/Resources/NetBeans/java/modules/ext/beansbinding-1.2.1.jar" />
    <property name="platforms.Java_TM__Platform_Micro_Edition_SDK_3_0.preverifycommandline" value="" />
    <property name="libs.DataBindingME-SVG.javadoc" value="/Applications/NetBeans/NetBeans 6.9.1.app/Contents/Resources/NetBeans/mobility/modules/docs/netbeans_databindingme_svg-api.zip" />
    <property name="libs.restapi.javadoc" value="/Applications/NetBeans/NetBeans 6.9.1.app/Contents/Resources/NetBeans/enterprise/docs/jsr311-api-1.1.1-javadoc.zip" />
    <property name="mrj.version" value="1060.1.6.0_22-307" />
    <property name="libs.JWSAntTasks.maven-pom" value="" />
    <property name="libs.spring-webmvc3.0.src" value="" />
    <property name="libs.restapi.classpath" value="/Applications/NetBeans/NetBeans 6.9.1.app/Contents/Resources/NetBeans/enterprise/modules/ext/rest/jsr311-api-1.1.1.jar" />
    <property name="runmain.jvmargs" value="" />
    <property name="org.netbeans.modules.gwt4nb.GWT4NBUtil.level" value="100" />
    <property name="java.vendor.url.bug" value="http://bugreport.apple.com/" />
    <property name="libs.nsicom-ant-utils.javadoc" value="" />
    <property name="libs.jaxb.maven-pom" value="" />
    <property name="os.arch" value="x86_64" />
    <property name="libs.eclipselink.src" value="" />
    <property name="user.name" value="matheusmf" />
    <property name="libs.jsf12.javadoc" value="/Applications/NetBeans/NetBeans 6.9.1.app/Contents/Resources/NetBeans/enterprise/docs/javaee6-doc-api.zip" />
    <property name="libs.Comet-GlassFish-v3.javadoc" value="" />
    <property name="libs.spring-webmvc3.0.maven-pom" value="" />
    <property name="libs.swing-layout.maven-pom" value="" />
    <property name="build.classes.dir" value="build/web/WEB-INF/classes" />
    <property name="netbeans.accept_license_class" value="org.netbeans.license.AcceptLicense" />
    <property name="libs.Java-EE-GlassFish-v3.wsjwsdp" value="" />
    <property name="libs.jaxws21.javadoc" value="/Applications/NetBeans/NetBeans 6.9.1.app/Contents/Resources/NetBeans/java/docs/jaxws-api-doc.zip" />
    <property name="build.web.excludes" value="**/*.java,**/*.form" />
    <property name="includes" value="**" />
    <property name="ant.file.type.PrimeiroIncremento" value="file" />
    <property name="user.country" value="BR" />
    <property name="libs.jstl11.javadoc" value="/Applications/NetBeans/NetBeans 6.9.1.app/Contents/Resources/NetBeans/enterprise/docs/javaee6-doc-api.zip" />
    <property name="libs.JMUnit4CLDC11.src" value="" />
    <property name="javadoc.encoding" value="UTF-8" />
    <property name="javac.classpath" value="/Applications/NetBeans/NetBeans 6.9.1.app/Contents/Resources/NetBeans/java/modules/ext/hibernate/antlr-2.7.6.jar:/Applications/NetBeans/NetBeans 6.9.1.app/Contents/Resources/NetBeans/java/modules/ext/hibernate/asm.jar:/Applications/NetBeans/NetBeans 6.9.1.app/Contents/Resources/NetBeans/java/modules/ext/hibernate/asm-attrs.jar:/Applications/NetBeans/NetBeans 6.9.1.app/Contents/Resources/NetBeans/java/modules/ext/hibernate/cglib-2.1.3.jar:/Applications/NetBeans/NetBeans 6.9.1.app/Contents/Resources/NetBeans/java/modules/ext/hibernate/commons-collections-2.1.1.jar:/Applications/NetBeans/NetBeans 6.9.1.app/Contents/Resources/NetBeans/ide/modules/ext/commons-logging-1.1.jar:/Applications/NetBeans/NetBeans 6.9.1.app/Contents/Resources/NetBeans/java/modules/ext/hibernate/dom4j-1.6.1.jar:/Applications/NetBeans/NetBeans 6.9.1.app/Contents/Resources/NetBeans/java/modules/ext/hibernate/ehcache-1.2.3.jar:/Applications/NetBeans/NetBeans 6.9.1.app/Contents/Resources/NetBeans/java/modules/ext/hibernate/jdbc2_0-stdext.jar:/Applications/NetBeans/NetBeans 6.9.1.app/Contents/Resources/NetBeans/java/modules/ext/hibernate/jta.jar:/Applications/NetBeans/NetBeans 6.9.1.app/Contents/Resources/NetBeans/java/modules/ext/hibernate/hibernate3.jar:/Applications/NetBeans/NetBeans 6.9.1.app/Contents/Resources/NetBeans/java/modules/ext/hibernate/hibernate-tools.jar:/Applications/NetBeans/NetBeans 6.9.1.app/Contents/Resources/NetBeans/java/modules/ext/hibernate/hibernate-annotations.jar:/Applications/NetBeans/NetBeans 6.9.1.app/Contents/Resources/NetBeans/java/modules/ext/hibernate/hibernate-commons-annotations.jar:/Applications/NetBeans/NetBeans 6.9.1.app/Contents/Resources/NetBeans/java/modules/ext/hibernate/hibernate-entitymanager.jar:/Applications/NetBeans/NetBeans 6.9.1.app/Contents/Resources/NetBeans/java/modules/ext/hibernate/javassist.jar:/Applications/NetBeans/NetBeans 6.9.1.app/Contents/Resources/NetBeans/java/modules/ext/hibernate/ejb3-persistence.jar:/Applications/NetBeans/NetBeans 6.9.1.app/Contents/Resources/NetBeans/java/modules/ext/hibernate/antlr-2.7.6.jar:/Applications/NetBeans/NetBeans 6.9.1.app/Contents/Resources/NetBeans/java/modules/ext/hibernate/asm.jar:/Applications/NetBeans/NetBeans 6.9.1.app/Contents/Resources/NetBeans/java/modules/ext/hibernate/asm-attrs.jar:/Applications/NetBeans/NetBeans 6.9.1.app/Contents/Resources/NetBeans/java/modules/ext/hibernate/cglib-2.1.3.jar:/Applications/NetBeans/NetBeans 6.9.1.app/Contents/Resources/NetBeans/java/modules/ext/hibernate/commons-collections-2.1.1.jar:/Applications/NetBeans/NetBeans 6.9.1.app/Contents/Resources/NetBeans/ide/modules/ext/commons-logging-1.1.jar:/Applications/NetBeans/NetBeans 6.9.1.app/Contents/Resources/NetBeans/java/modules/ext/hibernate/dom4j-1.6.1.jar:/Applications/NetBeans/NetBeans 6.9.1.app/Contents/Resources/NetBeans/java/modules/ext/hibernate/ehcache-1.2.3.jar:/Applications/NetBeans/NetBeans 6.9.1.app/Contents/Resources/NetBeans/java/modules/ext/hibernate/jdbc2_0-stdext.jar:/Applications/NetBeans/NetBeans 6.9.1.app/Contents/Resources/NetBeans/java/modules/ext/hibernate/jta.jar:/Applications/NetBeans/NetBeans 6.9.1.app/Contents/Resources/NetBeans/java/modules/ext/hibernate/hibernate3.jar:/Applications/NetBeans/NetBeans 6.9.1.app/Contents/Resources/NetBeans/java/modules/ext/hibernate/hibernate-tools.jar:/Applications/NetBeans/NetBeans 6.9.1.app/Contents/Resources/NetBeans/java/modules/ext/hibernate/hibernate-annotations.jar:/Applications/NetBeans/NetBeans 6.9.1.app/Contents/Resources/NetBeans/java/modules/ext/hibernate/hibernate-commons-annotations.jar:/Applications/NetBeans/NetBeans 6.9.1.app/Contents/Resources/NetBeans/java/modules/ext/hibernate/hibernate-entitymanager.jar:/Applications/NetBeans/NetBeans 6.9.1.app/Contents/Resources/NetBeans/java/modules/ext/hibernate/javassist.jar:/Applications/NetBeans/NetBeans 6.9.1.app/Contents/Resources/NetBeans/java/modules/ext/hibernate/ejb3-persistence.jar" />
    <property name="libs.JAVADB_DRIVER_LABEL.src" value="" />
    <property name="do.debug.server" value="true" />
    <property name="debug-transport" value="dt_socket" />
    <property name="netbeans.system_http_non_proxy_hosts" value="" />
    <property name="com.sun.mysql.port" value="3306" />
    <property name="netbeans.home" value="/Applications/NetBeans/NetBeans 6.9.1.app/Contents/Resources/NetBeans/platform" />
    <property name="build.compiler.emacs" value="true" />
    <property name="libs.javaee-web-api-6.0.src" value="" />
    <property name="libs.ejb3-persistence.src" value="" />
    <property name="libs.Java-EE-GlassFish-v3.javadoc" value="/Applications/NetBeans/NetBeans 6.9.1.app/Contents/Resources/NetBeans/enterprise/docs/javaee6-doc-api.zip" />
    <property name="libs.nokiaS80-ant-utils.src" value="" />
    <property name="libs.cdc-pp-awt-layout.javadoc" value="" />
    <property name="libs.j2me_ant_ext.classpath" value="/Applications/NetBeans/NetBeans 6.9.1.app/Contents/Resources/NetBeans/mobility/modules/org-netbeans-modules-mobility-antext.jar:/Applications/NetBeans/NetBeans 6.9.1.app/Contents/Resources/NetBeans/java/modules/org-netbeans-modules-classfile.jar" />
    <property name="java.endorsed.dirs" value="/System/Library/Java/JavaVirtualMachines/1.6.0.jdk/Contents/Home/lib/endorsed" />
    <property name="libs.Comet-GlassFish-v3.maven-pom" value="" />
    <property name="libs.groovy-all.src" value="" />
    <property name="test.includes" value="aplicacao/ShoppingVirtualTest.java" />
    <property name="netbeans.dynamic.classpath" value="/Applications/NetBeans/NetBeans 6.9.1.app/Contents/Resources/NetBeans/platform/core/core.jar:/Applications/NetBeans/NetBeans 6.9.1.app/Contents/Resources/NetBeans/platform/core/org-openide-filesystems.jar:/Applications/NetBeans/NetBeans 6.9.1.app/Contents/Resources/NetBeans/platform/core/locale/core_ja.jar:/Applications/NetBeans/NetBeans 6.9.1.app/Contents/Resources/NetBeans/platform/core/locale/core_pt_BR.jar:/Applications/NetBeans/NetBeans 6.9.1.app/Contents/Resources/NetBeans/platform/core/locale/core_zh_CN.jar:/Applications/NetBeans/NetBeans 6.9.1.app/Contents/Resources/NetBeans/platform/core/locale/org-openide-filesystems_ja.jar:/Applications/NetBeans/NetBeans 6.9.1.app/Contents/Resources/NetBeans/platform/core/locale/org-openide-filesystems_pt_BR.jar:/Applications/NetBeans/NetBeans 6.9.1.app/Contents/Resources/NetBeans/platform/core/locale/org-openide-filesystems_zh_CN.jar:/Applications/NetBeans/NetBeans 6.9.1.app/Contents/Resources/NetBeans/nb/core/org-netbeans-upgrader.jar:/Applications/NetBeans/NetBeans 6.9.1.app/Contents/Resources/NetBeans/nb/core/locale/core_nb.jar:/Applications/NetBeans/NetBeans 6.9.1.app/Contents/Resources/NetBeans/nb/core/locale/core_nb_ja.jar:/Applications/NetBeans/NetBeans 6.9.1.app/Contents/Resources/NetBeans/nb/core/locale/core_nb_pt_BR.jar:/Applications/NetBeans/NetBeans 6.9.1.app/Contents/Resources/NetBeans/nb/core/locale/core_nb_zh_CN.jar:/Applications/NetBeans/NetBeans 6.9.1.app/Contents/Resources/NetBeans/nb/core/locale/org-netbeans-upgrader_ja.jar:/Applications/NetBeans/NetBeans 6.9.1.app/Contents/Resources/NetBeans/nb/core/locale/org-netbeans-upgrader_pt_BR.jar:/Applications/NetBeans/NetBeans 6.9.1.app/Contents/Resources/NetBeans/nb/core/locale/org-netbeans-upgrader_zh_CN.jar" />
    <property name="libs.cdc-agui-swing-layout.maven-pom" value="" />
    <property name="libs.cdc-pp-awt-layout.src" value="/Applications/NetBeans/NetBeans 6.9.1.app/Contents/Resources/NetBeans/mobility/sources/cdc-pp-awt-layout-src.zip" />
    <property name="java.vm.specification.version" value="1.0" />
    <property name="libs.jakarta_slide_ant_webdav.src" value="" />
    <property name="libs.javaee-api-6.0.classpath" value="/Applications/NetBeans/NetBeans 6.9.1.app/Contents/Resources/NetBeans/enterprise/modules/ext/javaee-api-6.0.jar" />
    <property name="libs.sjmc-ant-utils.maven-pom" value="" />
    <property name="libs.groovy-all.maven-pom" value="" />
    <property name="libs.JMUnit4CLDC10.maven-pom" value="" />
    <property name="ftp.nonProxyHosts" value="local|*.local|169.254/16|*.169.254/16" />
    <property name="libs.hibernate-persistence.classpath" value="/Applications/NetBeans/NetBeans 6.9.1.app/Contents/Resources/NetBeans/java/modules/ext/hibernate/antlr-2.7.6.jar:/Applications/NetBeans/NetBeans 6.9.1.app/Contents/Resources/NetBeans/java/modules/ext/hibernate/asm.jar:/Applications/NetBeans/NetBeans 6.9.1.app/Contents/Resources/NetBeans/java/modules/ext/hibernate/asm-attrs.jar:/Applications/NetBeans/NetBeans 6.9.1.app/Contents/Resources/NetBeans/java/modules/ext/hibernate/cglib-2.1.3.jar:/Applications/NetBeans/NetBeans 6.9.1.app/Contents/Resources/NetBeans/java/modules/ext/hibernate/commons-collections-2.1.1.jar:/Applications/NetBeans/NetBeans 6.9.1.app/Contents/Resources/NetBeans/ide/modules/ext/commons-logging-1.1.jar:/Applications/NetBeans/NetBeans 6.9.1.app/Contents/Resources/NetBeans/java/modules/ext/hibernate/dom4j-1.6.1.jar:/Applications/NetBeans/NetBeans 6.9.1.app/Contents/Resources/NetBeans/java/modules/ext/hibernate/ehcache-1.2.3.jar:/Applications/NetBeans/NetBeans 6.9.1.app/Contents/Resources/NetBeans/java/modules/ext/hibernate/jdbc2_0-stdext.jar:/Applications/NetBeans/NetBeans 6.9.1.app/Contents/Resources/NetBeans/java/modules/ext/hibernate/jta.jar:/Applications/NetBeans/NetBeans 6.9.1.app/Contents/Resources/NetBeans/java/modules/ext/hibernate/hibernate3.jar:/Applications/NetBeans/NetBeans 6.9.1.app/Contents/Resources/NetBeans/java/modules/ext/hibernate/hibernate-tools.jar:/Applications/NetBeans/NetBeans 6.9.1.app/Contents/Resources/NetBeans/java/modules/ext/hibernate/hibernate-annotations.jar:/Applications/NetBeans/NetBeans 6.9.1.app/Contents/Resources/NetBeans/java/modules/ext/hibernate/hibernate-commons-annotations.jar:/Applications/NetBeans/NetBeans 6.9.1.app/Contents/Resources/NetBeans/java/modules/ext/hibernate/hibernate-entitymanager.jar:/Applications/NetBeans/NetBeans 6.9.1.app/Contents/Resources/NetBeans/java/modules/ext/hibernate/javassist.jar:/Applications/NetBeans/NetBeans 6.9.1.app/Contents/Resources/NetBeans/java/modules/ext/hibernate/ejb3-persistence.jar" />
    <property name="libs.jaxws21.src" value="" />
    <property name="do.war.package.with.custom.manifest" value="true" />
    <property name="libs.swing-app-framework.classpath" value="/Applications/NetBeans/NetBeans 6.9.1.app/Contents/Resources/NetBeans/java/modules/ext/appframework-1.0.3.jar:/Applications/NetBeans/NetBeans 6.9.1.app/Contents/Resources/NetBeans/java/modules/ext/swing-worker-1.1.jar" />
    <property name="netbeans.autoupdate.language" value="pt" />
    <property name="libs.jakarta_slide_ant_webdav.classpath" value="/Applications/NetBeans/NetBeans 6.9.1.app/Contents/Resources/NetBeans/mobility/modules/ext/commons-httpclient-3.0.1.jar:/Applications/NetBeans/NetBeans 6.9.1.app/Contents/Resources/NetBeans/ide/modules/ext/commons-logging-1.1.jar:/Applications/NetBeans/NetBeans 6.9.1.app/Contents/Resources/NetBeans/java/modules/ext/jdom-1.0.jar:/Applications/NetBeans/NetBeans 6.9.1.app/Contents/Resources/NetBeans/mobility/modules/ext/jakarta-slide-webdavlib-2.1.jar:/Applications/NetBeans/NetBeans 6.9.1.app/Contents/Resources/NetBeans/mobility/modules/ext/jakarta-slide-ant-webdav-2.1.jar" />
    <property name="java.vendor" value="Apple Inc." />
    <property name="libs.JMUnit4CLDC10.src" value="" />
    <property name="libs.javaee-api-6.0.javadoc" value="/Applications/NetBeans/NetBeans 6.9.1.app/Contents/Resources/NetBeans/enterprise/docs/javaee6-doc-api.zip" />
    <property name="javac.debug" value="true" />
    <property name="javadoc.splitindex" value="true" />
    <property name="file.separator" value="/" />
    <property name="libs.IdentityAntTasks.src" value="" />
    <property name="libs.restlib_gfv3ee6.classpath" value="/Applications/NetBeans/glassfish-3.0.1/glassfish/modules/asm-all-repackaged.jar:/Applications/NetBeans/glassfish-3.0.1/glassfish/modules/jackson-core-asl.jar:/Applications/NetBeans/glassfish-3.0.1/glassfish/modules/jersey-gf-bundle.jar:/Applications/NetBeans/glassfish-3.0.1/glassfish/modules/jersey-multipart.jar:/Applications/NetBeans/glassfish-3.0.1/glassfish/modules/jettison.jar:/Applications/NetBeans/glassfish-3.0.1/glassfish/modules/jsr311-api.jar" />
    <property name="libs.ActiveSync.classpath" value="/Applications/NetBeans/NetBeans 6.9.1.app/Contents/Resources/NetBeans/mobility/modules/ext/nbactivesync-5.0.jar" />
    <property name="libs.junit_4.maven-pom" value="" />
    <property name="resource.dir" value="setup" />
    <property name="javac.test.processorpath" value="/Applications/NetBeans/NetBeans 6.9.1.app/Contents/Resources/NetBeans/java/modules/ext/hibernate/antlr-2.7.6.jar:/Applications/NetBeans/NetBeans 6.9.1.app/Contents/Resources/NetBeans/java/modules/ext/hibernate/asm.jar:/Applications/NetBeans/NetBeans 6.9.1.app/Contents/Resources/NetBeans/java/modules/ext/hibernate/asm-attrs.jar:/Applications/NetBeans/NetBeans 6.9.1.app/Contents/Resources/NetBeans/java/modules/ext/hibernate/cglib-2.1.3.jar:/Applications/NetBeans/NetBeans 6.9.1.app/Contents/Resources/NetBeans/java/modules/ext/hibernate/commons-collections-2.1.1.jar:/Applications/NetBeans/NetBeans 6.9.1.app/Contents/Resources/NetBeans/ide/modules/ext/commons-logging-1.1.jar:/Applications/NetBeans/NetBeans 6.9.1.app/Contents/Resources/NetBeans/java/modules/ext/hibernate/dom4j-1.6.1.jar:/Applications/NetBeans/NetBeans 6.9.1.app/Contents/Resources/NetBeans/java/modules/ext/hibernate/ehcache-1.2.3.jar:/Applications/NetBeans/NetBeans 6.9.1.app/Contents/Resources/NetBeans/java/modules/ext/hibernate/jdbc2_0-stdext.jar:/Applications/NetBeans/NetBeans 6.9.1.app/Contents/Resources/NetBeans/java/modules/ext/hibernate/jta.jar:/Applications/NetBeans/NetBeans 6.9.1.app/Contents/Resources/NetBeans/java/modules/ext/hibernate/hibernate3.jar:/Applications/NetBeans/NetBeans 6.9.1.app/Contents/Resources/NetBeans/java/modules/ext/hibernate/hibernate-tools.jar:/Applications/NetBeans/NetBeans 6.9.1.app/Contents/Resources/NetBeans/java/modules/ext/hibernate/hibernate-annotations.jar:/Applications/NetBeans/NetBeans 6.9.1.app/Contents/Resources/NetBeans/java/modules/ext/hibernate/hibernate-commons-annotations.jar:/Applications/NetBeans/NetBeans 6.9.1.app/Contents/Resources/NetBeans/java/modules/ext/hibernate/hibernate-entitymanager.jar:/Applications/NetBeans/NetBeans 6.9.1.app/Contents/Resources/NetBeans/java/modules/ext/hibernate/javassist.jar:/Applications/NetBeans/NetBeans 6.9.1.app/Contents/Resources/NetBeans/java/modules/ext/hibernate/ejb3-persistence.jar:/Applications/NetBeans/NetBeans 6.9.1.app/Contents/Resources/NetBeans/java/modules/ext/hibernate/antlr-2.7.6.jar:/Applications/NetBeans/NetBeans 6.9.1.app/Contents/Resources/NetBeans/java/modules/ext/hibernate/asm.jar:/Applications/NetBeans/NetBeans 6.9.1.app/Contents/Resources/NetBeans/java/modules/ext/hibernate/asm-attrs.jar:/Applications/NetBeans/NetBeans 6.9.1.app/Contents/Resources/NetBeans/java/modules/ext/hibernate/cglib-2.1.3.jar:/Applications/NetBeans/NetBeans 6.9.1.app/Contents/Resources/NetBeans/java/modules/ext/hibernate/commons-collections-2.1.1.jar:/Applications/NetBeans/NetBeans 6.9.1.app/Contents/Resources/NetBeans/ide/modules/ext/commons-logging-1.1.jar:/Applications/NetBeans/NetBeans 6.9.1.app/Contents/Resources/NetBeans/java/modules/ext/hibernate/dom4j-1.6.1.jar:/Applications/NetBeans/NetBeans 6.9.1.app/Contents/Resources/NetBeans/java/modules/ext/hibernate/ehcache-1.2.3.jar:/Applications/NetBeans/NetBeans 6.9.1.app/Contents/Resources/NetBeans/java/modules/ext/hibernate/jdbc2_0-stdext.jar:/Applications/NetBeans/NetBeans 6.9.1.app/Contents/Resources/NetBeans/java/modules/ext/hibernate/jta.jar:/Applications/NetBeans/NetBeans 6.9.1.app/Contents/Resources/NetBeans/java/modules/ext/hibernate/hibernate3.jar:/Applications/NetBeans/NetBeans 6.9.1.app/Contents/Resources/NetBeans/java/modules/ext/hibernate/hibernate-tools.jar:/Applications/NetBeans/NetBeans 6.9.1.app/Contents/Resources/NetBeans/java/modules/ext/hibernate/hibernate-annotations.jar:/Applications/NetBeans/NetBeans 6.9.1.app/Contents/Resources/NetBeans/java/modules/ext/hibernate/hibernate-commons-annotations.jar:/Applications/NetBeans/NetBeans 6.9.1.app/Contents/Resources/NetBeans/java/modules/ext/hibernate/hibernate-entitymanager.jar:/Applications/NetBeans/NetBeans 6.9.1.app/Contents/Resources/NetBeans/java/modules/ext/hibernate/javassist.jar:/Applications/NetBeans/NetBeans 6.9.1.app/Contents/Resources/NetBeans/java/modules/ext/hibernate/ejb3-persistence.jar:build/web/WEB-INF/classes:/Applications/NetBeans/NetBeans 6.9.1.app/Contents/Resources/NetBeans/platform/modules/ext/junit-4.5.jar" />
    <property name="netbeans.buildnumber" value="201011082200" />
    <property name="libs.JWSAntTasks.javadoc" value="" />
    <property name="build.generated.sources.dir" value="build/generated-sources" />
    <property name="libs.Java-EE-GlassFish-v3.wscompile" value="" />
    <property name="sun.java.launcher" value="SUN_STANDARD" />
    <property name="libs.junit.classpath" value="/Applications/NetBeans/NetBeans 6.9.1.app/Contents/Resources/NetBeans/java/modules/ext/junit-3.8.2.jar" />
    <property name="libs.jaxb.javadoc" value="/Applications/NetBeans/NetBeans 6.9.1.app/Contents/Resources/NetBeans/ide/docs/jaxb-api-doc.zip" />
    <property name="ant.file.PrimeiroIncremento-impl" value="/Users/matheusmf/NetBeansProjects/PrimeiroIncremento/nbproject/build-impl.xml" />
    <property name="libs.struts.classpath" value="/Applications/NetBeans/NetBeans 6.9.1.app/Contents/Resources/NetBeans/enterprise/modules/ext/struts/antlr-2.7.2.jar:/Applications/NetBeans/NetBeans 6.9.1.app/Contents/Resources/NetBeans/enterprise/modules/ext/struts/bsf-2.3.0.jar:/Applications/NetBeans/NetBeans 6.9.1.app/Contents/Resources/NetBeans/enterprise/modules/ext/struts/commons-beanutils-1.7.0.jar:/Applications/NetBeans/NetBeans 6.9.1.app/Contents/Resources/NetBeans/enterprise/modules/ext/struts/commons-chain-1.1.jar:/Applications/NetBeans/NetBeans 6.9.1.app/Contents/Resources/NetBeans/enterprise/modules/ext/struts/commons-digester-1.8.jar:/Applications/NetBeans/NetBeans 6.9.1.app/Contents/Resources/NetBeans/enterprise/modules/ext/struts/commons-fileupload-1.1.1.jar:/Applications/NetBeans/NetBeans 6.9.1.app/Contents/Resources/NetBeans/enterprise/modules/ext/struts/commons-io-1.1.jar:/Applications/NetBeans/NetBeans 6.9.1.app/Contents/Resources/NetBeans/enterprise/modules/ext/struts/commons-logging-1.0.4.jar:/Applications/NetBeans/NetBeans 6.9.1.app/Contents/Resources/NetBeans/enterprise/modules/ext/struts/commons-validator-1.3.1.jar:/Applications/NetBeans/NetBeans 6.9.1.app/Contents/Resources/NetBeans/enterprise/modules/ext/struts/jstl-1.0.2.jar:/Applications/NetBeans/NetBeans 6.9.1.app/Contents/Resources/NetBeans/enterprise/modules/ext/struts/oro-2.0.8.jar:/Applications/NetBeans/NetBeans 6.9.1.app/Contents/Resources/NetBeans/enterprise/modules/ext/struts/standard-1.0.2.jar:/Applications/NetBeans/NetBeans 6.9.1.app/Contents/Resources/NetBeans/enterprise/modules/ext/struts/struts-core-1.3.8.jar:/Applications/NetBeans/NetBeans 6.9.1.app/Contents/Resources/NetBeans/enterprise/modules/ext/struts/struts-el-1.3.8.jar:/Applications/NetBeans/NetBeans 6.9.1.app/Contents/Resources/NetBeans/enterprise/modules/ext/struts/struts-extras-1.3.8.jar:/Applications/NetBeans/NetBeans 6.9.1.app/Contents/Resources/NetBeans/enterprise/modules/ext/struts/struts-faces-1.3.8.jar:/Applications/NetBeans/NetBeans 6.9.1.app/Contents/Resources/NetBeans/enterprise/modules/ext/struts/struts-mailreader-dao-1.3.8.jar:/Applications/NetBeans/NetBeans 6.9.1.app/Contents/Resources/NetBeans/enterprise/modules/ext/struts/struts-scripting-1.3.8.jar:/Applications/NetBeans/NetBeans 6.9.1.app/Contents/Resources/NetBeans/enterprise/modules/ext/struts/struts-taglib-1.3.8.jar:/Applications/NetBeans/NetBeans 6.9.1.app/Contents/Resources/NetBeans/enterprise/modules/ext/struts/struts-tiles-1.3.8.jar" />
    <property name="application.args.param" value="" />
    <property name="ant.home" value="/Applications/NetBeans/NetBeans 6.9.1.app/Contents/Resources/NetBeans/java/ant" />
    <property name="libs.junit_4.src" value="/Applications/NetBeans/NetBeans 6.9.1.app/Contents/Resources/NetBeans/java/docs/junit-4.5-src.jar" />
    <property name="libs.ricoh-ant-utils.maven-pom" value="" />
    <property name="conf.dir" value="src/conf" />
    <property name="webinf.dir" value="web/WEB-INF" />
    <property name="libs.absolutelayout.maven-pom" value="" />
    <property name="ant.java.version" value="1.6" />
    <property name="java.library.path" value=".:/Library/Java/Extensions:/System/Library/Java/Extensions:/usr/lib/java" />
    <property name="javadoc.author" value="false" />
    <property name="libs.metro.maven-pom" value="" />
    <property name="libs.IdentityAntTasks.classpath" value="/Applications/NetBeans/NetBeans 6.9.1.app/Contents/Resources/NetBeans/identity/ant/nblib/org-netbeans-modules-identity-ant.jar:/Applications/NetBeans/NetBeans 6.9.1.app/Contents/Resources/NetBeans/identity/modules/org-netbeans-modules-identity-profile-api.jar" />
    <property name="libs.EclipseLink-GlassFish-v3.src" value="" />
    <property name="java.util.logging.config.class" value="org.netbeans.core.startup.TopLogging" />
    <property name="libs.PostgreSQLDriver.src" value="" />
    <property name="sun.arch.data.model" value="64" />
    <property name="basedir" value="/Users/matheusmf/NetBeansProjects/PrimeiroIncremento" />
    <property name="libs.ActiveSync.src" value="" />
    <property name="jar.compress" value="false" />
    <property name="libs.NetBeans MIDP Components PDA.src" value="/Applications/NetBeans/NetBeans 6.9.1.app/Contents/Resources/NetBeans/mobility/sources/netbeans_midp_components_pda-src.zip" />
    <property name="libs.jstl11.classpath" value="/Applications/NetBeans/NetBeans 6.9.1.app/Contents/Resources/NetBeans/enterprise/modules/ext/standard.jar:/Applications/NetBeans/NetBeans 6.9.1.app/Contents/Resources/NetBeans/enterprise/modules/ext/jstl.jar" />
    <property name="path.separator" value=":" />
    <property name="dist.war" value="dist/PrimeiroIncremento.war" />
    <property name="libs.javaee-web-api-6.0.javadoc" value="/Applications/NetBeans/NetBeans 6.9.1.app/Contents/Resources/NetBeans/enterprise/docs/javaee6-doc-api.zip" />
    <property name="sun.io.unicode.encoding" value="UnicodeLittle" />
    <property name="libs.semc-ant-utils.javadoc" value="" />
    <property name="libs.jaxws21.classpath" value="/Applications/NetBeans/NetBeans 6.9.1.app/Contents/Resources/NetBeans/ide/modules/ext/jaxb/jaxb-impl.jar:/Applications/NetBeans/NetBeans 6.9.1.app/Contents/Resources/NetBeans/ide/modules/ext/jaxb/jaxb-xjc.jar:/Applications/NetBeans/NetBeans 6.9.1.app/Contents/Resources/NetBeans/java/modules/ext/jaxws22/FastInfoset.jar:/Applications/NetBeans/NetBeans 6.9.1.app/Contents/Resources/NetBeans/java/modules/ext/jaxws22/gmbal-api-only.jar:/Applications/NetBeans/NetBeans 6.9.1.app/Contents/Resources/NetBeans/java/modules/ext/jaxws22/http.jar:/Applications/NetBeans/NetBeans 6.9.1.app/Contents/Resources/NetBeans/java/modules/ext/jaxws22/jaxws-rt.jar:/Applications/NetBeans/NetBeans 6.9.1.app/Contents/Resources/NetBeans/java/modules/ext/jaxws22/jaxws-tools.jar:/Applications/NetBeans/NetBeans 6.9.1.app/Contents/Resources/NetBeans/java/modules/ext/jaxws22/management-api.jar:/Applications/NetBeans/NetBeans 6.9.1.app/Contents/Resources/NetBeans/java/modules/ext/jaxws22/mimepull.jar:/Applications/NetBeans/NetBeans 6.9.1.app/Contents/Resources/NetBeans/java/modules/ext/jaxws22/policy.jar:/Applications/NetBeans/NetBeans 6.9.1.app/Contents/Resources/NetBeans/java/modules/ext/jaxws22/saaj-impl.jar:/Applications/NetBeans/NetBeans 6.9.1.app/Contents/Resources/NetBeans/java/modules/ext/jaxws22/stax-ex.jar:/Applications/NetBeans/NetBeans 6.9.1.app/Contents/Resources/NetBeans/java/modules/ext/jaxws22/streambuffer.jar:/Applications/NetBeans/NetBeans 6.9.1.app/Contents/Resources/NetBeans/java/modules/ext/jaxws22/woodstox.jar:/Applications/NetBeans/NetBeans 6.9.1.app/Contents/Resources/NetBeans/java/modules/ext/jaxws22/api/jaxws-api.jar:/Applications/NetBeans/NetBeans 6.9.1.app/Contents/Resources/NetBeans/java/modules/ext/jaxws22/api/jsr181-api.jar:/Applications/NetBeans/NetBeans 6.9.1.app/Contents/Resources/NetBeans/java/modules/ext/jaxws22/api/jsr250-api.jar:/Applications/NetBeans/NetBeans 6.9.1.app/Contents/Resources/NetBeans/java/modules/ext/jaxws22/api/saaj-api.jar:/Applications/NetBeans/NetBeans 6.9.1.app/Contents/Resources/NetBeans/ide/modules/ext/jaxb/activation.jar:/Applications/NetBeans/NetBeans 6.9.1.app/Contents/Resources/NetBeans/ide/modules/ext/jaxb/api/jaxb-api.jar:/Applications/NetBeans/NetBeans 6.9.1.app/Contents/Resources/NetBeans/ide/modules/ext/jaxb/api/jsr173_api.jar" />
    <property name="libs.struts.src" value="" />
    <property name="apple.awt.graphics.UseQuartz" value="true" />
    <property name="user.language" value="pt" />
    <property name="j2ee.platform.classpath" value="/Applications/NetBeans/apache-tomcat-6.0.26/lib/annotations-api.jar:/Applications/NetBeans/apache-tomcat-6.0.26/lib/catalina-ant.jar:/Applications/NetBeans/apache-tomcat-6.0.26/lib/catalina-ha.jar:/Applications/NetBeans/apache-tomcat-6.0.26/lib/catalina-tribes.jar:/Applications/NetBeans/apache-tomcat-6.0.26/lib/catalina.jar:/Applications/NetBeans/apache-tomcat-6.0.26/lib/el-api.jar:/Applications/NetBeans/apache-tomcat-6.0.26/lib/jasper-el.jar:/Applications/NetBeans/apache-tomcat-6.0.26/lib/jasper.jar:/Applications/NetBeans/apache-tomcat-6.0.26/lib/jsp-api.jar:/Applications/NetBeans/apache-tomcat-6.0.26/lib/servlet-api.jar:/Applications/NetBeans/apache-tomcat-6.0.26/lib/tomcat-coyote.jar:/Applications/NetBeans/apache-tomcat-6.0.26/lib/tomcat-dbcp.jar:/Applications/NetBeans/apache-tomcat-6.0.26/lib/tomcat-i18n-es.jar:/Applications/NetBeans/apache-tomcat-6.0.26/lib/tomcat-i18n-fr.jar:/Applications/NetBeans/apache-tomcat-6.0.26/lib/tomcat-i18n-ja.jar:/Applications/NetBeans/apache-tomcat-6.0.26/bin/tomcat-juli.jar" />
    <property name="libs.spring-framework.classpath" value="/Applications/NetBeans/NetBeans 6.9.1.app/Contents/Resources/NetBeans/ide/modules/ext/commons-logging-1.1.jar:/Applications/NetBeans/NetBeans 6.9.1.app/Contents/Resources/NetBeans/java/modules/ext/cglib-2.2.jar:/Applications/NetBeans/NetBeans 6.9.1.app/Contents/Resources/NetBeans/java/modules/ext/spring/spring-2.5.6.SEC01.jar" />
    <property name="libs.eclipselink.maven-pom" value="" />
    <property name="build.meta.inf.dir" value="build/web/META-INF" />
    <property name="persistence.xml.dir" value="src/conf" />
    <property name="libs.spring-framework300.maven-pom" value="" />
    <property name="run.test.classpath" value="/Applications/NetBeans/NetBeans 6.9.1.app/Contents/Resources/NetBeans/java/modules/ext/hibernate/antlr-2.7.6.jar:/Applications/NetBeans/NetBeans 6.9.1.app/Contents/Resources/NetBeans/java/modules/ext/hibernate/asm.jar:/Applications/NetBeans/NetBeans 6.9.1.app/Contents/Resources/NetBeans/java/modules/ext/hibernate/asm-attrs.jar:/Applications/NetBeans/NetBeans 6.9.1.app/Contents/Resources/NetBeans/java/modules/ext/hibernate/cglib-2.1.3.jar:/Applications/NetBeans/NetBeans 6.9.1.app/Contents/Resources/NetBeans/java/modules/ext/hibernate/commons-collections-2.1.1.jar:/Applications/NetBeans/NetBeans 6.9.1.app/Contents/Resources/NetBeans/ide/modules/ext/commons-logging-1.1.jar:/Applications/NetBeans/NetBeans 6.9.1.app/Contents/Resources/NetBeans/java/modules/ext/hibernate/dom4j-1.6.1.jar:/Applications/NetBeans/NetBeans 6.9.1.app/Contents/Resources/NetBeans/java/modules/ext/hibernate/ehcache-1.2.3.jar:/Applications/NetBeans/NetBeans 6.9.1.app/Contents/Resources/NetBeans/java/modules/ext/hibernate/jdbc2_0-stdext.jar:/Applications/NetBeans/NetBeans 6.9.1.app/Contents/Resources/NetBeans/java/modules/ext/hibernate/jta.jar:/Applications/NetBeans/NetBeans 6.9.1.app/Contents/Resources/NetBeans/java/modules/ext/hibernate/hibernate3.jar:/Applications/NetBeans/NetBeans 6.9.1.app/Contents/Resources/NetBeans/java/modules/ext/hibernate/hibernate-tools.jar:/Applications/NetBeans/NetBeans 6.9.1.app/Contents/Resources/NetBeans/java/modules/ext/hibernate/hibernate-annotations.jar:/Applications/NetBeans/NetBeans 6.9.1.app/Contents/Resources/NetBeans/java/modules/ext/hibernate/hibernate-commons-annotations.jar:/Applications/NetBeans/NetBeans 6.9.1.app/Contents/Resources/NetBeans/java/modules/ext/hibernate/hibernate-entitymanager.jar:/Applications/NetBeans/NetBeans 6.9.1.app/Contents/Resources/NetBeans/java/modules/ext/hibernate/javassist.jar:/Applications/NetBeans/NetBeans 6.9.1.app/Contents/Resources/NetBeans/java/modules/ext/hibernate/ejb3-persistence.jar:/Applications/NetBeans/NetBeans 6.9.1.app/Contents/Resources/NetBeans/java/modules/ext/hibernate/antlr-2.7.6.jar:/Applications/NetBeans/NetBeans 6.9.1.app/Contents/Resources/NetBeans/java/modules/ext/hibernate/asm.jar:/Applications/NetBeans/NetBeans 6.9.1.app/Contents/Resources/NetBeans/java/modules/ext/hibernate/asm-attrs.jar:/Applications/NetBeans/NetBeans 6.9.1.app/Contents/Resources/NetBeans/java/modules/ext/hibernate/cglib-2.1.3.jar:/Applications/NetBeans/NetBeans 6.9.1.app/Contents/Resources/NetBeans/java/modules/ext/hibernate/commons-collections-2.1.1.jar:/Applications/NetBeans/NetBeans 6.9.1.app/Contents/Resources/NetBeans/ide/modules/ext/commons-logging-1.1.jar:/Applications/NetBeans/NetBeans 6.9.1.app/Contents/Resources/NetBeans/java/modules/ext/hibernate/dom4j-1.6.1.jar:/Applications/NetBeans/NetBeans 6.9.1.app/Contents/Resources/NetBeans/java/modules/ext/hibernate/ehcache-1.2.3.jar:/Applications/NetBeans/NetBeans 6.9.1.app/Contents/Resources/NetBeans/java/modules/ext/hibernate/jdbc2_0-stdext.jar:/Applications/NetBeans/NetBeans 6.9.1.app/Contents/Resources/NetBeans/java/modules/ext/hibernate/jta.jar:/Applications/NetBeans/NetBeans 6.9.1.app/Contents/Resources/NetBeans/java/modules/ext/hibernate/hibernate3.jar:/Applications/NetBeans/NetBeans 6.9.1.app/Contents/Resources/NetBeans/java/modules/ext/hibernate/hibernate-tools.jar:/Applications/NetBeans/NetBeans 6.9.1.app/Contents/Resources/NetBeans/java/modules/ext/hibernate/hibernate-annotations.jar:/Applications/NetBeans/NetBeans 6.9.1.app/Contents/Resources/NetBeans/java/modules/ext/hibernate/hibernate-commons-annotations.jar:/Applications/NetBeans/NetBeans 6.9.1.app/Contents/Resources/NetBeans/java/modules/ext/hibernate/hibernate-entitymanager.jar:/Applications/NetBeans/NetBeans 6.9.1.app/Contents/Resources/NetBeans/java/modules/ext/hibernate/javassist.jar:/Applications/NetBeans/NetBeans 6.9.1.app/Contents/Resources/NetBeans/java/modules/ext/hibernate/ejb3-persistence.jar:build/web/WEB-INF/classes:/Applications/NetBeans/NetBeans 6.9.1.app/Contents/Resources/NetBeans/platform/modules/ext/junit-4.5.jar:build/test/classes" />
    <property name="ant.project.invoked-targets" value="test-single" />
    <property name="useJavaUtilZip" value="true" />
    <property name="libs.swing-layout.javadoc" value="/Applications/NetBeans/NetBeans 6.9.1.app/Contents/Resources/NetBeans/platform/docs/swing-layout-1.0.4-doc.zip" />
    <property name="libs.swing-app-framework.javadoc" value="/Applications/NetBeans/NetBeans 6.9.1.app/Contents/Resources/NetBeans/java/docs/appframework-1.0.3-doc.zip" />
    <property name="libs.ejb3-persistence.maven-pom" value="" />
    <property name="libs.proguard.classpath" value="/Applications/NetBeans/NetBeans 6.9.1.app/Contents/Resources/NetBeans/mobility/external/proguard/proguard4.4.jar" />
    <property name="gopherProxySet" value="false" />
    <property name="libs.DataBindingME-SVG.classpath" value="/Applications/NetBeans/NetBeans 6.9.1.app/Contents/Resources/NetBeans/mobility/modules/ext/netbeans_databindingme_svg.jar" />
    <property name="https.nonProxyHosts" value="local|*.local|169.254/16|*.169.254/16|localhost|127.0.0.1|matheusmf.uneb.br" />
    <property name="libs.PostgreSQLDriver.maven-pom" value="" />
    <property name="java.class.version" value="50.0" />
    <property name="libs.JAVADB_DRIVER_LABEL.classpath" value="/Applications/NetBeans/sges-v3/javadb/lib/derby.jar:/Applications/NetBeans/sges-v3/javadb/lib/derbyclient.jar:/Applications/NetBeans/sges-v3/javadb/lib/derbynet.jar" />
    <property name="libs.javaee-endorsed-api-6.0.src" value="" />
    <property name="libs.cdc-ant-utils.classpath" value="/Applications/NetBeans/NetBeans 6.9.1.app/Contents/Resources/NetBeans/mobility/modules/ext/org-netbeans-modules-j2me-cdc-project.jar" />
    <property name="netbeans.system_http_proxy" value="DIRECT" />
    <property name="libs.eclipselink.javadoc" value="/Applications/NetBeans/NetBeans 6.9.1.app/Contents/Resources/NetBeans/enterprise/docs/javaee6-doc-api.zip" />
    <property name="libs.NetBeans MIDP Components WMA.maven-pom" value="" />
    <property name="libs.jsp-compilation.maven-pom" value="" />
    <property name="user.properties.file" value="/Users/matheusmf/.netbeans/6.9/build.properties" />
    <property name="libs.struts2lib-2-0-11-basic.src" value="" />
    <property name="build.web.dir" value="build/web" />
    <property name="libs.spring-framework.src" value="" />
    <property name="libs.javac-api.maven-pom" value="" />
    <property name="file.encoding.pkg" value="sun.io" />
    <property name="sun.cpu.endian" value="little" />
    <property name="libs.JWSAntTasks.classpath" value="/Applications/NetBeans/NetBeans 6.9.1.app/Contents/Resources/NetBeans/java/ant/extra/org-netbeans-modules-javawebstart-anttasks.jar" />
    <property name="ant.file.type.PrimeiroIncremento-impl" value="file" />
    <property name="libs.spring-framework300.src" value="" />
    <property name="libs.ant-contrib.classpath" value="/Applications/NetBeans/NetBeans 6.9.1.app/Contents/Resources/NetBeans/mobility/modules/ext/ant-contrib-1.0b3.jar" />
    <property name="empty.dir" value="/Users/matheusmf/NetBeansProjects/PrimeiroIncremento/build/empty" />
    <property name="display.browser" value="true" />
    <property name="version-output" value="java version &quot;1.6" />
    <property name="javadoc.preview" value="true" />
    <property name="socksNonProxyHosts" value="local|*.local|169.254/16|*.169.254/16" />
    <property name="nbplatform.default.harness.dir" value="/Applications/NetBeans/NetBeans 6.9.1.app/Contents/Resources/NetBeans/harness" />
    <property name="java.home" value="/System/Library/Java/JavaVirtualMachines/1.6.0.jdk/Contents/Home" />
    <property name="libs.jsp-compilation.src" value="" />
    <property name="libs.ricoh-ant-utils.src" value="" />
    <property name="libs.spring-webmvc.src" value="" />
    <property name="libs.ant-contrib.javadoc" value="" />
    <property name="debug.test.classpath" value="/Applications/NetBeans/NetBeans 6.9.1.app/Contents/Resources/NetBeans/java/modules/ext/hibernate/antlr-2.7.6.jar:/Applications/NetBeans/NetBeans 6.9.1.app/Contents/Resources/NetBeans/java/modules/ext/hibernate/asm.jar:/Applications/NetBeans/NetBeans 6.9.1.app/Contents/Resources/NetBeans/java/modules/ext/hibernate/asm-attrs.jar:/Applications/NetBeans/NetBeans 6.9.1.app/Contents/Resources/NetBeans/java/modules/ext/hibernate/cglib-2.1.3.jar:/Applications/NetBeans/NetBeans 6.9.1.app/Contents/Resources/NetBeans/java/modules/ext/hibernate/commons-collections-2.1.1.jar:/Applications/NetBeans/NetBeans 6.9.1.app/Contents/Resources/NetBeans/ide/modules/ext/commons-logging-1.1.jar:/Applications/NetBeans/NetBeans 6.9.1.app/Contents/Resources/NetBeans/java/modules/ext/hibernate/dom4j-1.6.1.jar:/Applications/NetBeans/NetBeans 6.9.1.app/Contents/Resources/NetBeans/java/modules/ext/hibernate/ehcache-1.2.3.jar:/Applications/NetBeans/NetBeans 6.9.1.app/Contents/Resources/NetBeans/java/modules/ext/hibernate/jdbc2_0-stdext.jar:/Applications/NetBeans/NetBeans 6.9.1.app/Contents/Resources/NetBeans/java/modules/ext/hibernate/jta.jar:/Applications/NetBeans/NetBeans 6.9.1.app/Contents/Resources/NetBeans/java/modules/ext/hibernate/hibernate3.jar:/Applications/NetBeans/NetBeans 6.9.1.app/Contents/Resources/NetBeans/java/modules/ext/hibernate/hibernate-tools.jar:/Applications/NetBeans/NetBeans 6.9.1.app/Contents/Resources/NetBeans/java/modules/ext/hibernate/hibernate-annotations.jar:/Applications/NetBeans/NetBeans 6.9.1.app/Contents/Resources/NetBeans/java/modules/ext/hibernate/hibernate-commons-annotations.jar:/Applications/NetBeans/NetBeans 6.9.1.app/Contents/Resources/NetBeans/java/modules/ext/hibernate/hibernate-entitymanager.jar:/Applications/NetBeans/NetBeans 6.9.1.app/Contents/Resources/NetBeans/java/modules/ext/hibernate/javassist.jar:/Applications/NetBeans/NetBeans 6.9.1.app/Contents/Resources/NetBeans/java/modules/ext/hibernate/ejb3-persistence.jar:/Applications/NetBeans/NetBeans 6.9.1.app/Contents/Resources/NetBeans/java/modules/ext/hibernate/antlr-2.7.6.jar:/Applications/NetBeans/NetBeans 6.9.1.app/Contents/Resources/NetBeans/java/modules/ext/hibernate/asm.jar:/Applications/NetBeans/NetBeans 6.9.1.app/Contents/Resources/NetBeans/java/modules/ext/hibernate/asm-attrs.jar:/Applications/NetBeans/NetBeans 6.9.1.app/Contents/Resources/NetBeans/java/modules/ext/hibernate/cglib-2.1.3.jar:/Applications/NetBeans/NetBeans 6.9.1.app/Contents/Resources/NetBeans/java/modules/ext/hibernate/commons-collections-2.1.1.jar:/Applications/NetBeans/NetBeans 6.9.1.app/Contents/Resources/NetBeans/ide/modules/ext/commons-logging-1.1.jar:/Applications/NetBeans/NetBeans 6.9.1.app/Contents/Resources/NetBeans/java/modules/ext/hibernate/dom4j-1.6.1.jar:/Applications/NetBeans/NetBeans 6.9.1.app/Contents/Resources/NetBeans/java/modules/ext/hibernate/ehcache-1.2.3.jar:/Applications/NetBeans/NetBeans 6.9.1.app/Contents/Resources/NetBeans/java/modules/ext/hibernate/jdbc2_0-stdext.jar:/Applications/NetBeans/NetBeans 6.9.1.app/Contents/Resources/NetBeans/java/modules/ext/hibernate/jta.jar:/Applications/NetBeans/NetBeans 6.9.1.app/Contents/Resources/NetBeans/java/modules/ext/hibernate/hibernate3.jar:/Applications/NetBeans/NetBeans 6.9.1.app/Contents/Resources/NetBeans/java/modules/ext/hibernate/hibernate-tools.jar:/Applications/NetBeans/NetBeans 6.9.1.app/Contents/Resources/NetBeans/java/modules/ext/hibernate/hibernate-annotations.jar:/Applications/NetBeans/NetBeans 6.9.1.app/Contents/Resources/NetBeans/java/modules/ext/hibernate/hibernate-commons-annotations.jar:/Applications/NetBeans/NetBeans 6.9.1.app/Contents/Resources/NetBeans/java/modules/ext/hibernate/hibernate-entitymanager.jar:/Applications/NetBeans/NetBeans 6.9.1.app/Contents/Resources/NetBeans/java/modules/ext/hibernate/javassist.jar:/Applications/NetBeans/NetBeans 6.9.1.app/Contents/Resources/NetBeans/java/modules/ext/hibernate/ejb3-persistence.jar:build/web/WEB-INF/classes:/Applications/NetBeans/NetBeans 6.9.1.app/Contents/Resources/NetBeans/platform/modules/ext/junit-4.5.jar:build/test/classes" />
    <property name="libs.javaee-endorsed-api-6.0.classpath" value="/Applications/NetBeans/NetBeans 6.9.1.app/Contents/Resources/NetBeans/enterprise/modules/ext/javaee6-endorsed/javax.annotation.jar:/Applications/NetBeans/NetBeans 6.9.1.app/Contents/Resources/NetBeans/enterprise/modules/ext/javaee6-endorsed/jaxb-api-osgi.jar:/Applications/NetBeans/NetBeans 6.9.1.app/Contents/Resources/NetBeans/enterprise/modules/ext/javaee6-endorsed/webservices-api-osgi.jar" />
    <property name="libs.javaee-api-6.0.src" value="" />
    <property name="netbeans.importclass" value="org.netbeans.upgrade.AutoUpgrade" />
    <property name="ant.project.default-target" value="default" />
    <property name="annotation.processing.run.all.processors" value="true" />
    <property name="libs.savaje-ant-utils.classpath" value="/Applications/NetBeans/NetBeans 6.9.1.app/Contents/Resources/NetBeans/mobility/modules/ext/org-netbeans-modules-j2me-cdc-project-savaje.jar" />
    <property name="libs.toplink.maven-pom" value="" />
    <property name="libs.DataBindingME.maven-pom" value="" />
    <property name="libs.PostgreSQLDriver.javadoc" value="" />
    <property name="libs.restlib.classpath" value="/Applications/NetBeans/NetBeans 6.9.1.app/Contents/Resources/NetBeans/enterprise/modules/ext/rest/asm-3.1.jar:/Applications/NetBeans/NetBeans 6.9.1.app/Contents/Resources/NetBeans/enterprise/modules/ext/rest/jackson-core-asl-1.1.1.jar:/Applications/NetBeans/NetBeans 6.9.1.app/Contents/Resources/NetBeans/enterprise/modules/ext/rest/jersey-client-1.1.5.1.jar:/Applications/NetBeans/NetBeans 6.9.1.app/Contents/Resources/NetBeans/enterprise/modules/ext/rest/jersey-core-1.1.5.1.jar:/Applications/NetBeans/NetBeans 6.9.1.app/Contents/Resources/NetBeans/enterprise/modules/ext/rest/jersey-json-1.1.5.1.jar:/Applications/NetBeans/NetBeans 6.9.1.app/Contents/Resources/NetBeans/enterprise/modules/ext/rest/jersey-server-1.1.5.1.jar:/Applications/NetBeans/NetBeans 6.9.1.app/Contents/Resources/NetBeans/enterprise/modules/ext/rest/jersey-spring-1.1.5.1.jar:/Applications/NetBeans/NetBeans 6.9.1.app/Contents/Resources/NetBeans/enterprise/modules/ext/rest/jettison-1.1.jar:/Applications/NetBeans/NetBeans 6.9.1.app/Contents/Resources/NetBeans/enterprise/modules/ext/rest/oauth-client-1.1.5.1.jar:/Applications/NetBeans/NetBeans 6.9.1.app/Contents/Resources/NetBeans/enterprise/modules/ext/rest/oauth-signature-1.1.5.1.jar:/Applications/NetBeans/NetBeans 6.9.1.app/Contents/Resources/NetBeans/ide/modules/ext/jaxb/activation.jar:/Applications/NetBeans/NetBeans 6.9.1.app/Contents/Resources/NetBeans/ide/modules/ext/jaxb/api/jaxb-api.jar:/Applications/NetBeans/NetBeans 6.9.1.app/Contents/Resources/NetBeans/ide/modules/ext/jaxb/api/jsr173_api.jar" />
    <property name="libs.JMUnit4CLDC11.javadoc" value="/Applications/NetBeans/NetBeans 6.9.1.app/Contents/Resources/NetBeans/mobility/modules/docs/jmunit-1.2.1-api.zip" />
    <property name="com.sun.mysql.stopcommand" value="/usr/local/mysql/support-files/mysql-admin.server" />
    <property name="libs.nsicom-ant-utils.maven-pom" value="" />
    <property name="libs.MySQLDriver.maven-pom" value="" />
    <property name="libs.savaje-ant-utils.src" value="" />
    <property name="http.nonProxyHosts" value="local|*.local|169.254/16|*.169.254/16" />
    <property name="libs.junit_4.javadoc" value="/Applications/NetBeans/NetBeans 6.9.1.app/Contents/Resources/NetBeans/java/docs/junit-4.5-api.zip" />
    <property name="libs.spring-webmvc.javadoc" value="" />
    <property name="libs.toplink.src" value="" />
    <property name="libs.EclipseLink-GlassFish-v3.maven-pom" value="" />
    <property name="libs.javaee-web-api-6.0.maven-pom" value="" />
    <property name="libs.cdc-pp-awt-layout.classpath" value="/Applications/NetBeans/NetBeans 6.9.1.app/Contents/Resources/NetBeans/mobility/modules/ext/cdc-pp-awt-layout.jar" />
    <property name="j2ee.deploy.on.save" value="true" />
    <property name="libs.cdc-agui-swing-layout.src" value="/Applications/NetBeans/NetBeans 6.9.1.app/Contents/Resources/NetBeans/mobility/sources/cdc-agui-swing-layout-src.zip" />
    <property name="libs.hibernate-support.src" value="" />
    <property name="libs.javaee-endorsed-api-6.0.javadoc" value="/Applications/NetBeans/NetBeans 6.9.1.app/Contents/Resources/NetBeans/enterprise/docs/javaee6-doc-api.zip" />
    <property name="libs.JMUnit4CLDC11.classpath" value="/Applications/NetBeans/NetBeans 6.9.1.app/Contents/Resources/NetBeans/mobility/modules/ext/jmunit4cldc11-1.2.1.jar" />
    <property name="sun.awt.datatransfer.timeout" value="1000" />
    <property name="apple.awt.graphics.UseOpenGL" value="false" />
    <property name="libs.nb_svg_midp_components.classpath" value="/Applications/NetBeans/NetBeans 6.9.1.app/Contents/Resources/NetBeans/mobility/modules/ext/nb_svg_midp_components.jar" />
    <property name="libs.spring-webmvc3.0.javadoc" value="" />
    <property name="annotation.processing.enabled.in.editor" value="true" />
    <property name="libs.NetBeans MIDP Components PDA.classpath" value="/Applications/NetBeans/NetBeans 6.9.1.app/Contents/Resources/NetBeans/mobility/modules/ext/netbeans_midp_components_pda.jar" />
    <property name="libs.semc-ant-utils.maven-pom" value="" />
    <property name="libs.nokiadeployment.maven-pom" value="" />
    <property name="libs.restapi.src" value="" />
    <property name="libs.NetBeans MIDP Components.javadoc" value="/Applications/NetBeans/NetBeans 6.9.1.app/Contents/Resources/NetBeans/mobility/modules/docs/netbeans_midp_components_basic-api.zip" />
    <property name="sun.management.compiler" value="HotSpot 64-Bit Server Compiler" />
    <property name="javac.deprecation" value="false" />
    <property name="javadoc.use" value="true" />
    <property name="jna.boot.library.path" value="/Users/matheusmf/.netbeans/6.9/var/cache/jna" />
    <property name="client.urlPart" value="" />
    <property name="sun.java2d.noddraw" value="true" />
    <property name="libs.jsp-compiler.classpath" value="/Applications/NetBeans/NetBeans 6.9.1.app/Contents/Resources/NetBeans/enterprise/ant/extra/jspcompile.jar" />
    <property name="dist.ear.war" value="dist/PrimeiroIncremento.war" />
    <property name="javac.processorpath" value="/Applications/NetBeans/NetBeans 6.9.1.app/Contents/Resources/NetBeans/java/modules/ext/hibernate/antlr-2.7.6.jar:/Applications/NetBeans/NetBeans 6.9.1.app/Contents/Resources/NetBeans/java/modules/ext/hibernate/asm.jar:/Applications/NetBeans/NetBeans 6.9.1.app/Contents/Resources/NetBeans/java/modules/ext/hibernate/asm-attrs.jar:/Applications/NetBeans/NetBeans 6.9.1.app/Contents/Resources/NetBeans/java/modules/ext/hibernate/cglib-2.1.3.jar:/Applications/NetBeans/NetBeans 6.9.1.app/Contents/Resources/NetBeans/java/modules/ext/hibernate/commons-collections-2.1.1.jar:/Applications/NetBeans/NetBeans 6.9.1.app/Contents/Resources/NetBeans/ide/modules/ext/commons-logging-1.1.jar:/Applications/NetBeans/NetBeans 6.9.1.app/Contents/Resources/NetBeans/java/modules/ext/hibernate/dom4j-1.6.1.jar:/Applications/NetBeans/NetBeans 6.9.1.app/Contents/Resources/NetBeans/java/modules/ext/hibernate/ehcache-1.2.3.jar:/Applications/NetBeans/NetBeans 6.9.1.app/Contents/Resources/NetBeans/java/modules/ext/hibernate/jdbc2_0-stdext.jar:/Applications/NetBeans/NetBeans 6.9.1.app/Contents/Resources/NetBeans/java/modules/ext/hibernate/jta.jar:/Applications/NetBeans/NetBeans 6.9.1.app/Contents/Resources/NetBeans/java/modules/ext/hibernate/hibernate3.jar:/Applications/NetBeans/NetBeans 6.9.1.app/Contents/Resources/NetBeans/java/modules/ext/hibernate/hibernate-tools.jar:/Applications/NetBeans/NetBeans 6.9.1.app/Contents/Resources/NetBeans/java/modules/ext/hibernate/hibernate-annotations.jar:/Applications/NetBeans/NetBeans 6.9.1.app/Contents/Resources/NetBeans/java/modules/ext/hibernate/hibernate-commons-annotations.jar:/Applications/NetBeans/NetBeans 6.9.1.app/Contents/Resources/NetBeans/java/modules/ext/hibernate/hibernate-entitymanager.jar:/Applications/NetBeans/NetBeans 6.9.1.app/Contents/Resources/NetBeans/java/modules/ext/hibernate/javassist.jar:/Applications/NetBeans/NetBeans 6.9.1.app/Contents/Resources/NetBeans/java/modules/ext/hibernate/ejb3-persistence.jar:/Applications/NetBeans/NetBeans 6.9.1.app/Contents/Resources/NetBeans/java/modules/ext/hibernate/antlr-2.7.6.jar:/Applications/NetBeans/NetBeans 6.9.1.app/Contents/Resources/NetBeans/java/modules/ext/hibernate/asm.jar:/Applications/NetBeans/NetBeans 6.9.1.app/Contents/Resources/NetBeans/java/modules/ext/hibernate/asm-attrs.jar:/Applications/NetBeans/NetBeans 6.9.1.app/Contents/Resources/NetBeans/java/modules/ext/hibernate/cglib-2.1.3.jar:/Applications/NetBeans/NetBeans 6.9.1.app/Contents/Resources/NetBeans/java/modules/ext/hibernate/commons-collections-2.1.1.jar:/Applications/NetBeans/NetBeans 6.9.1.app/Contents/Resources/NetBeans/ide/modules/ext/commons-logging-1.1.jar:/Applications/NetBeans/NetBeans 6.9.1.app/Contents/Resources/NetBeans/java/modules/ext/hibernate/dom4j-1.6.1.jar:/Applications/NetBeans/NetBeans 6.9.1.app/Contents/Resources/NetBeans/java/modules/ext/hibernate/ehcache-1.2.3.jar:/Applications/NetBeans/NetBeans 6.9.1.app/Contents/Resources/NetBeans/java/modules/ext/hibernate/jdbc2_0-stdext.jar:/Applications/NetBeans/NetBeans 6.9.1.app/Contents/Resources/NetBeans/java/modules/ext/hibernate/jta.jar:/Applications/NetBeans/NetBeans 6.9.1.app/Contents/Resources/NetBeans/java/modules/ext/hibernate/hibernate3.jar:/Applications/NetBeans/NetBeans 6.9.1.app/Contents/Resources/NetBeans/java/modules/ext/hibernate/hibernate-tools.jar:/Applications/NetBeans/NetBeans 6.9.1.app/Contents/Resources/NetBeans/java/modules/ext/hibernate/hibernate-annotations.jar:/Applications/NetBeans/NetBeans 6.9.1.app/Contents/Resources/NetBeans/java/modules/ext/hibernate/hibernate-commons-annotations.jar:/Applications/NetBeans/NetBeans 6.9.1.app/Contents/Resources/NetBeans/java/modules/ext/hibernate/hibernate-entitymanager.jar:/Applications/NetBeans/NetBeans 6.9.1.app/Contents/Resources/NetBeans/java/modules/ext/hibernate/javassist.jar:/Applications/NetBeans/NetBeans 6.9.1.app/Contents/Resources/NetBeans/java/modules/ext/hibernate/ejb3-persistence.jar" />
    <property name="libs.spring-webmvc.classpath" value="/Applications/NetBeans/NetBeans 6.9.1.app/Contents/Resources/NetBeans/enterprise/modules/ext/spring/spring-webmvc-2.5.6.SEC01.jar" />
    <property name="javac.compilerargs" value="" />
    <property name="ant.file" value="/Users/matheusmf/NetBeansProjects/PrimeiroIncremento/build.xml" />
    <property name="libs.beans-binding.maven-pom" value="" />
    <property name="libs.jsf12.classpath" value="/Applications/NetBeans/NetBeans 6.9.1.app/Contents/Resources/NetBeans/enterprise/modules/ext/jsf-1_2/commons-beanutils.jar:/Applications/NetBeans/NetBeans 6.9.1.app/Contents/Resources/NetBeans/enterprise/modules/ext/jsf-1_2/commons-collections.jar:/Applications/NetBeans/NetBeans 6.9.1.app/Contents/Resources/NetBeans/enterprise/modules/ext/jsf-1_2/commons-digester.jar:/Applications/NetBeans/NetBeans 6.9.1.app/Contents/Resources/NetBeans/enterprise/modules/ext/jsf-1_2/commons-logging.jar:/Applications/NetBeans/NetBeans 6.9.1.app/Contents/Resources/NetBeans/enterprise/modules/ext/jsf-1_2/jsf-api.jar:/Applications/NetBeans/NetBeans 6.9.1.app/Contents/Resources/NetBeans/enterprise/modules/ext/jsf-1_2/jsf-impl.jar" />
    <property name="sun.awt.exception.handler" value="org.netbeans.core.startup.TopLogging$AWTHandler" />
    <property name="has.custom.manifest" value="true" />
    <property name="libs.restapi.maven-pom" value="" />
    <property name="libs.beans-binding.src" value="" />
    <property name="libs.NetBeans MIDP Components PDA.javadoc" value="/Applications/NetBeans/NetBeans 6.9.1.app/Contents/Resources/NetBeans/mobility/modules/docs/netbeans_midp_components_pda-api.zip" />
    <property name="java.vm.specification.vendor" value="Sun Microsystems Inc." />
    <property name="libs.DataBindingME-PIM.javadoc" value="/Applications/NetBeans/NetBeans 6.9.1.app/Contents/Resources/NetBeans/mobility/modules/docs/netbeans_databindingme_pim-api.zip" />
    <property name="libs.swing-layout.src" value="/Applications/NetBeans/NetBeans 6.9.1.app/Contents/Resources/NetBeans/platform/docs/swing-layout-1.0.4-src.zip" />
    <property name="libs.Java-EE-GlassFish-v3.embedabbleejb" value="" />
    <property name="libs.j2me_ant_ext.src" value="" />
    <property name="org.openide.major.version" value="IDE/1" />
    <property name="do.display.browser.debug" value="true" />
    <property name="java.vm.name" value="Java HotSpot(TM) 64-Bit Server VM" />
    <property name="netbeans.user" value="/Users/matheusmf/.netbeans/6.9" />
    <property name="javadoc.additionalparam" value="" />
    <property name="libs.ricoh-ant-utils.classpath" value="/Applications/NetBeans/NetBeans 6.9.1.app/Contents/Resources/NetBeans/mobility/modules/ext/org-netbeans-modules-j2me-cdc-project-ricoh.jar:/Applications/NetBeans/NetBeans 6.9.1.app/Contents/Resources/NetBeans/mobility/modules/ext/RicohAntTasks-2.0.jar:/Applications/NetBeans/NetBeans 6.9.1.app/Contents/Resources/NetBeans/mobility/modules/ext/commons-httpclient-3.0.jar:/Applications/NetBeans/NetBeans 6.9.1.app/Contents/Resources/NetBeans/ide/modules/ext/commons-logging-1.1.jar:/Applications/NetBeans/NetBeans 6.9.1.app/Contents/Resources/NetBeans/mobility/modules/ext/commons-codec-1.3.jar" />
    <property name="java.vendor.url" value="http://www.apple.com/" />
    <property name="java.io.tmpdir" value="/var/folders/CI/CIaWXaljHH8VO97ARDAen++++TI/-Tmp-/" />
    <property name="endorsed.classpath.cmd.line.arg" value="-Xbootclasspath/p:&apos;/Users/matheusmf/NetBeansProjects/PrimeiroIncremento/${endorsed.classpath}&apos;" />
    <property name="compile.jsps" value="false" />
    <property name="libs.struts2lib-2-0-11-basic.classpath" value="/Users/matheusmf/.netbeans/6.9/modules/ext/struts2-2.0.11/commons-logging-1.0.4.jar:/Users/matheusmf/.netbeans/6.9/modules/ext/struts2-2.0.11/freemarker-2.3.8.jar:/Users/matheusmf/.netbeans/6.9/modules/ext/struts2-2.0.11/ognl-2.6.11.jar:/Users/matheusmf/.netbeans/6.9/modules/ext/struts2-2.0.11/struts2-core-2.0.11.jar:/Users/matheusmf/.netbeans/6.9/modules/ext/struts2-2.0.11/xwork-2.0.4.jar" />
    <property name="libs.jsp-compiler.src" value="" />
    <property name="deploy.ant.properties.file" value="/Users/matheusmf/.netbeans/6.9/tomcat60.properties" />
    <property name="mrj.build" value="10M3261" />
    <property name="have.sources" value="true" />
    <property name="sun.boot.library.path" value="/System/Library/Java/JavaVirtualMachines/1.6.0.jdk/Contents/Libraries" />
    <property name="debug.classpath" value="build/web/WEB-INF/classes:/Applications/NetBeans/NetBeans 6.9.1.app/Contents/Resources/NetBeans/java/modules/ext/hibernate/antlr-2.7.6.jar:/Applications/NetBeans/NetBeans 6.9.1.app/Contents/Resources/NetBeans/java/modules/ext/hibernate/asm.jar:/Applications/NetBeans/NetBeans 6.9.1.app/Contents/Resources/NetBeans/java/modules/ext/hibernate/asm-attrs.jar:/Applications/NetBeans/NetBeans 6.9.1.app/Contents/Resources/NetBeans/java/modules/ext/hibernate/cglib-2.1.3.jar:/Applications/NetBeans/NetBeans 6.9.1.app/Contents/Resources/NetBeans/java/modules/ext/hibernate/commons-collections-2.1.1.jar:/Applications/NetBeans/NetBeans 6.9.1.app/Contents/Resources/NetBeans/ide/modules/ext/commons-logging-1.1.jar:/Applications/NetBeans/NetBeans 6.9.1.app/Contents/Resources/NetBeans/java/modules/ext/hibernate/dom4j-1.6.1.jar:/Applications/NetBeans/NetBeans 6.9.1.app/Contents/Resources/NetBeans/java/modules/ext/hibernate/ehcache-1.2.3.jar:/Applications/NetBeans/NetBeans 6.9.1.app/Contents/Resources/NetBeans/java/modules/ext/hibernate/jdbc2_0-stdext.jar:/Applications/NetBeans/NetBeans 6.9.1.app/Contents/Resources/NetBeans/java/modules/ext/hibernate/jta.jar:/Applications/NetBeans/NetBeans 6.9.1.app/Contents/Resources/NetBeans/java/modules/ext/hibernate/hibernate3.jar:/Applications/NetBeans/NetBeans 6.9.1.app/Contents/Resources/NetBeans/java/modules/ext/hibernate/hibernate-tools.jar:/Applications/NetBeans/NetBeans 6.9.1.app/Contents/Resources/NetBeans/java/modules/ext/hibernate/hibernate-annotations.jar:/Applications/NetBeans/NetBeans 6.9.1.app/Contents/Resources/NetBeans/java/modules/ext/hibernate/hibernate-commons-annotations.jar:/Applications/NetBeans/NetBeans 6.9.1.app/Contents/Resources/NetBeans/java/modules/ext/hibernate/hibernate-entitymanager.jar:/Applications/NetBeans/NetBeans 6.9.1.app/Contents/Resources/NetBeans/java/modules/ext/hibernate/javassist.jar:/Applications/NetBeans/NetBeans 6.9.1.app/Contents/Resources/NetBeans/java/modules/ext/hibernate/ejb3-persistence.jar:/Applications/NetBeans/NetBeans 6.9.1.app/Contents/Resources/NetBeans/java/modules/ext/hibernate/antlr-2.7.6.jar:/Applications/NetBeans/NetBeans 6.9.1.app/Contents/Resources/NetBeans/java/modules/ext/hibernate/asm.jar:/Applications/NetBeans/NetBeans 6.9.1.app/Contents/Resources/NetBeans/java/modules/ext/hibernate/asm-attrs.jar:/Applications/NetBeans/NetBeans 6.9.1.app/Contents/Resources/NetBeans/java/modules/ext/hibernate/cglib-2.1.3.jar:/Applications/NetBeans/NetBeans 6.9.1.app/Contents/Resources/NetBeans/java/modules/ext/hibernate/commons-collections-2.1.1.jar:/Applications/NetBeans/NetBeans 6.9.1.app/Contents/Resources/NetBeans/ide/modules/ext/commons-logging-1.1.jar:/Applications/NetBeans/NetBeans 6.9.1.app/Contents/Resources/NetBeans/java/modules/ext/hibernate/dom4j-1.6.1.jar:/Applications/NetBeans/NetBeans 6.9.1.app/Contents/Resources/NetBeans/java/modules/ext/hibernate/ehcache-1.2.3.jar:/Applications/NetBeans/NetBeans 6.9.1.app/Contents/Resources/NetBeans/java/modules/ext/hibernate/jdbc2_0-stdext.jar:/Applications/NetBeans/NetBeans 6.9.1.app/Contents/Resources/NetBeans/java/modules/ext/hibernate/jta.jar:/Applications/NetBeans/NetBeans 6.9.1.app/Contents/Resources/NetBeans/java/modules/ext/hibernate/hibernate3.jar:/Applications/NetBeans/NetBeans 6.9.1.app/Contents/Resources/NetBeans/java/modules/ext/hibernate/hibernate-tools.jar:/Applications/NetBeans/NetBeans 6.9.1.app/Contents/Resources/NetBeans/java/modules/ext/hibernate/hibernate-annotations.jar:/Applications/NetBeans/NetBeans 6.9.1.app/Contents/Resources/NetBeans/java/modules/ext/hibernate/hibernate-commons-annotations.jar:/Applications/NetBeans/NetBeans 6.9.1.app/Contents/Resources/NetBeans/java/modules/ext/hibernate/hibernate-entitymanager.jar:/Applications/NetBeans/NetBeans 6.9.1.app/Contents/Resources/NetBeans/java/modules/ext/hibernate/javassist.jar:/Applications/NetBeans/NetBeans 6.9.1.app/Contents/Resources/NetBeans/java/modules/ext/hibernate/ejb3-persistence.jar" />
    <property name="war.name" value="PrimeiroIncremento.war" />
    <property name="javadoc.private" value="false" />
    <property name="test.src.dir" value="test" />
    <property name="libs.jsf20.classpath" value="/Applications/NetBeans/NetBeans 6.9.1.app/Contents/Resources/NetBeans/enterprise/modules/ext/jsf-2_0/jsf-api.jar:/Applications/NetBeans/NetBeans 6.9.1.app/Contents/Resources/NetBeans/enterprise/modules/ext/jsf-2_0/jsf-impl.jar" />
    <property name="javadoc.encoding.used" value="UTF-8" />
    <property name="libs.DataBindingME-SVG.src" value="" />
    <property name="java.runtime.name" value="Java(TM) SE Runtime Environment" />
    <property name="ant.project.name" value="PrimeiroIncremento" />
    <property name="netbeans.hash.code" value="unique=NB_JAVA_FX_WEBEE_MOB_CND_RUBY_GROOVY_PHP_GFMOD_TOMCAT0974810d8-c056-4cb2-9757-c9520d110066_d76b9629-b48f-42e5-95e4-90d02ebb8c87" />
    <property name="sun.cpu.isalist" value="" />
    <property name="libs.j2me_ant_ext.maven-pom" value="" />
    <property name="libs.CopyLibs.javadoc" value="" />
    <property name="libs.ActiveSync.javadoc" value="" />
    <property name="org.openide.specification.version" value="6.2" />
    <property name="j2ee.server.home" value="/Applications/NetBeans/apache-tomcat-6.0.26" />
    <property name="libs.hibernate-support.classpath" value="/Applications/NetBeans/NetBeans 6.9.1.app/Contents/Resources/NetBeans/java/modules/ext/hibernate/antlr-2.7.6.jar:/Applications/NetBeans/NetBeans 6.9.1.app/Contents/Resources/NetBeans/java/modules/ext/hibernate/asm.jar:/Applications/NetBeans/NetBeans 6.9.1.app/Contents/Resources/NetBeans/java/modules/ext/hibernate/asm-attrs.jar:/Applications/NetBeans/NetBeans 6.9.1.app/Contents/Resources/NetBeans/java/modules/ext/hibernate/cglib-2.1.3.jar:/Applications/NetBeans/NetBeans 6.9.1.app/Contents/Resources/NetBeans/java/modules/ext/hibernate/commons-collections-2.1.1.jar:/Applications/NetBeans/NetBeans 6.9.1.app/Contents/Resources/NetBeans/ide/modules/ext/commons-logging-1.1.jar:/Applications/NetBeans/NetBeans 6.9.1.app/Contents/Resources/NetBeans/java/modules/ext/hibernate/dom4j-1.6.1.jar:/Applications/NetBeans/NetBeans 6.9.1.app/Contents/Resources/NetBeans/java/modules/ext/hibernate/ehcache-1.2.3.jar:/Applications/NetBeans/NetBeans 6.9.1.app/Contents/Resources/NetBeans/java/modules/ext/hibernate/jdbc2_0-stdext.jar:/Applications/NetBeans/NetBeans 6.9.1.app/Contents/Resources/NetBeans/java/modules/ext/hibernate/jta.jar:/Applications/NetBeans/NetBeans 6.9.1.app/Contents/Resources/NetBeans/java/modules/ext/hibernate/hibernate3.jar:/Applications/NetBeans/NetBeans 6.9.1.app/Contents/Resources/NetBeans/java/modules/ext/hibernate/hibernate-tools.jar:/Applications/NetBeans/NetBeans 6.9.1.app/Contents/Resources/NetBeans/java/modules/ext/hibernate/hibernate-annotations.jar:/Applications/NetBeans/NetBeans 6.9.1.app/Contents/Resources/NetBeans/java/modules/ext/hibernate/hibernate-commons-annotations.jar:/Applications/NetBeans/NetBeans 6.9.1.app/Contents/Resources/NetBeans/java/modules/ext/hibernate/hibernate-entitymanager.jar:/Applications/NetBeans/NetBeans 6.9.1.app/Contents/Resources/NetBeans/java/modules/ext/hibernate/javassist.jar" />
    <property name="libs.DataBindingME-PIM.classpath" value="/Applications/NetBeans/NetBeans 6.9.1.app/Contents/Resources/NetBeans/mobility/modules/ext/netbeans_databindingme_pim.jar" />
    <property name="user.home" value="/Users/matheusmf" />
    <property name="annotation.processing.processors.list" value="" />
    <property name="debug-args-line" value="-Xdebug" />
    <property name="libs.NetBeans MIDP Components.classpath" value="/Applications/NetBeans/NetBeans 6.9.1.app/Contents/Resources/NetBeans/mobility/modules/ext/netbeans_midp_components_basic.jar" />
    <property name="libs.javaee-api-6.0.maven-pom" value="" />
    <property name="libs.JWSAntTasks.src" value="" />
    <property name="libs.CopyLibs.maven-pom" value="" />
    <property name="libs.absolutelayout.javadoc" value="" />
    <property name="libs.hibernate-persistence.maven-pom" value="" />
    <property name="libs.spring-framework300.javadoc" value="" />
    <property name="java.specification.name" value="Java Platform API Specification" />
    <property name="libs.swing-app-framework.maven-pom" value="" />
    <property name="no.dist.ear.dir" value="true" />
    <property name="libs.jakarta_slide_ant_webdav.maven-pom" value="" />
    <property name="libs.NetBeans MIDP Components WMA.classpath" value="/Applications/NetBeans/NetBeans 6.9.1.app/Contents/Resources/NetBeans/mobility/modules/ext/netbeans_midp_components_wma.jar" />
    <property name="libs.sjmc-ant-utils.src" value="" />
    <property name="java.specification.vendor" value="Sun Microsystems Inc." />
    <property name="libs.cdc-agui-swing-layout.javadoc" value="" />
    <property name="libs.javac-api.classpath" value="/Applications/NetBeans/NetBeans 6.9.1.app/Contents/Resources/NetBeans/java/modules/ext/javac-api-nb-7.0-b07.jar" />
    <property name="java.version" value="1.6.0_22" />
    <property name="libs.nokiaS80-ant-utils.classpath" value="/Applications/NetBeans/NetBeans 6.9.1.app/Contents/Resources/NetBeans/mobility/modules/ext/org-netbeans-modules-j2me-cdc-project-nokiaS80.jar" />
    <property name="libs.NetBeans MIDP Components WMA.javadoc" value="/Applications/NetBeans/NetBeans 6.9.1.app/Contents/Resources/NetBeans/mobility/modules/docs/netbeans_midp_components_wma-api.zip" />
    <property name="javadoc.version" value="false" />
    <property name="libs.MySQLDriver.javadoc" value="" />
    <property name="org.openide.version" value="deprecated" />
    <property name="libs.restlib_gfv3ee6.maven-pom" value="" />
    <property name="source.encoding" value="UTF-8" />
    <property name="libs.ActiveSync.maven-pom" value="" />
    <property name="ap.cmd.line.internal" value="" />
    <property name="platforms.Java_TM__Platform_Micro_Edition_SDK_3_0.home" value="/Applications/NetBeans/NetBeans 6.9.1.app/Contents/Resources/NetBeans/mobility/Java_ME_platform_SDK_3.0" />
    <property name="awt.nativeDoubleBuffering" value="true" />
    <property name="libs.junit.maven-pom" value="" />
    <property name="libs.metro.javadoc" value="/Applications/NetBeans/NetBeans 6.9.1.app/Contents/Resources/NetBeans/enterprise/docs/metro-1.4-doc.zip" />
    <property name="libs.struts.maven-pom" value="" />
    <property name="netbeans.home+have.tests" value="true" />
    <property name="platforms.Java_TM__Platform_Micro_Edition_SDK_3_0.runcommandline" value="" />
    <property name="libs.IdentityAntTasks.maven-pom" value="" />
    <property name="libs.jaxb.src" value="" />
    <property name="libs.Java-EE-GlassFish-v3.wsgenerate" value="" />
    <property name="libs.cdc-ant-utils.src" value="" />
    <property name="libs.jaxb.classpath" value="/Applications/NetBeans/NetBeans 6.9.1.app/Contents/Resources/NetBeans/ide/modules/ext/jaxb/jaxb-impl.jar:/Applications/NetBeans/NetBeans 6.9.1.app/Contents/Resources/NetBeans/ide/modules/ext/jaxb/jaxb-xjc.jar:/Applications/NetBeans/NetBeans 6.9.1.app/Contents/Resources/NetBeans/ide/modules/ext/jaxb/jaxb1-impl.jar:/Applications/NetBeans/NetBeans 6.9.1.app/Contents/Resources/NetBeans/ide/modules/ext/jaxb/activation.jar:/Applications/NetBeans/NetBeans 6.9.1.app/Contents/Resources/NetBeans/ide/modules/ext/jaxb/api/jaxb-api.jar:/Applications/NetBeans/NetBeans 6.9.1.app/Contents/Resources/NetBeans/ide/modules/ext/jaxb/api/jsr173_api.jar" />
    <property name="com.sun.mysql.startargs" value="start" />
    <property name="dist.javadoc.dir" value="dist/javadoc" />
    <property name="has.persistence.xml" value="true" />
    <property name="libs.spring-webmvc3.0.classpath" value="/Applications/NetBeans/NetBeans 6.9.1.app/Contents/Resources/NetBeans/java/modules/ext/spring-3.0/spring-webmvc-3.0.2.RELEASE.jar" />
    <property name="libs.swing-layout.classpath" value="/Applications/NetBeans/NetBeans 6.9.1.app/Contents/Resources/NetBeans/platform/modules/ext/swing-layout-1.0.4.jar" />
    <property name="libs.restlib.src" value="" />
    <property name="javac.source" value="1.5" />
    <property name="build.generated.dir" value="build/generated" />
    <property name="line.separator" value="
" />
    <property name="libs.proguard.src" value="" />
    <property name="libs.hibernate-persistence.src" value="" />
    <property name="libs.nb_svg_midp_components.javadoc" value="/Applications/NetBeans/NetBeans 6.9.1.app/Contents/Resources/NetBeans/mobility/modules/docs/nb_svg_midp_components-api.zip" />
    <property name="java.specification.version" value="1.6" />
    <property name="java.vm.info" value="mixed mode" />
    <property name="libs.jaxws21.maven-pom" value="" />
    <property name="libs.cdc-ant-utils.javadoc" value="" />
    <property name="libs.spring-framework.maven-pom" value="" />
    <property name="sun.boot.class.path" value="/Users/matheusmf/NetBeansProjects/PrimeiroIncremento/${endorsed.classpath}:/System/Library/Java/JavaVirtualMachines/1.6.0.jdk/Contents/Classes/jsfd.jar:/System/Library/Java/JavaVirtualMachines/1.6.0.jdk/Contents/Classes/classes.jar:/System/Library/Frameworks/JavaVM.framework/Frameworks/JavaRuntimeSupport.framework/Resources/Java/JavaRuntimeSupport.jar:/System/Library/Java/JavaVirtualMachines/1.6.0.jdk/Contents/Classes/ui.jar:/System/Library/Java/JavaVirtualMachines/1.6.0.jdk/Contents/Classes/laf.jar:/System/Library/Java/JavaVirtualMachines/1.6.0.jdk/Contents/Classes/sunrsasign.jar:/System/Library/Java/JavaVirtualMachines/1.6.0.jdk/Contents/Classes/jsse.jar:/System/Library/Java/JavaVirtualMachines/1.6.0.jdk/Contents/Classes/jce.jar:/System/Library/Java/JavaVirtualMachines/1.6.0.jdk/Contents/Classes/charsets.jar" />
    <property name="javac.target" value="1.5" />
    <property name="build.test.classes.dir" value="build/test/classes" />
    <property name="platforms.Java_TM__Platform_Micro_Edition_SDK_3_0.debugcommandline" value="" />
    <property name="src.dir" value="src/java" />
    <property name="libs.IdentityAntTasks.javadoc" value="" />
    <property name="annotation.processing.enabled" value="true" />
    <property name="com.sun.mysql.startcommand" value="/usr/local/mysql/support-files/mysql-admin.server" />
    <property name="libs.jsf20.src" value="" />
    <property name="libs.proguard.maven-pom" value="" />
    <property name="libs.jsf12.src" value="" />
    <property name="libs.DataBindingME-SVG.maven-pom" value="" />
    <property name="j2ee.platform" value="1.5" />
    <property name="libs.nokiadeployment.src" value="" />
    <property name="libs.savaje-ant-utils.javadoc" value="" />
    <property name="libs.JAVADB_DRIVER_LABEL.maven-pom" value="" />
    <property name="nbplatform.default.netbeans.dest.dir" value="/Applications/NetBeans/NetBeans 6.9.1.app/Contents/Resources/NetBeans" />
    <property name="libs.struts.javadoc" value="/Applications/NetBeans/NetBeans 6.9.1.app/Contents/Resources/NetBeans/enterprise/docs/struts-1.3.8-javadoc.zip" />
    <property name="libs.Comet-GlassFish-v3.classpath" value="/Applications/NetBeans/glassfish-3.0.1/glassfish/modules/grizzly-comet.jar" />
    <property name="libs.cdc-ant-utils.maven-pom" value="" />
    <property name="web.docbase.dir" value="web" />
    <property name="libs.restlib_gfv3ee6.javadoc" value="/Applications/NetBeans/NetBeans 6.9.1.app/Contents/Resources/NetBeans/enterprise/docs/jsr311-api-1.1.1-javadoc.zip" />
    <property name="libs.cdc-agui-swing-layout.classpath" value="/Applications/NetBeans/NetBeans 6.9.1.app/Contents/Resources/NetBeans/mobility/modules/ext/cdc-agui-swing-layout.jar" />
    <property name="dist.dir" value="dist" />
    <property name="libs.groovy-all.javadoc" value="" />
    <property name="libs.groovy-all.classpath" value="/Applications/NetBeans/NetBeans 6.9.1.app/Contents/Resources/NetBeans/groovy/modules/ext/groovy-all.jar" />
    <property name="libs.sjmc-ant-utils.classpath" value="/Applications/NetBeans/NetBeans 6.9.1.app/Contents/Resources/NetBeans/mobility/modules/ext/org-netbeans-modules-j2me-cdc-project-sjmc.jar" />
    <property name="libs.JMUnit4CLDC10.classpath" value="/Applications/NetBeans/NetBeans 6.9.1.app/Contents/Resources/NetBeans/mobility/modules/ext/jmunit4cldc10-1.2.1.jar" />
    <property name="java.awt.printerjob" value="apple.awt.CPrinterJob" />
    <property name="default.javac.source" value="1.6" />
    <property name="debug-transport-by-os" value="dt_socket" />
    <property name="com.sun.mysql.stopargs" value="stop" />
    <property name="libs.MySQLDriver.src" value="" />
    <property name="sun.jnu.encoding" value="MacRoman" />
    <property name="libs.ant-contrib.maven-pom" value="" />
    <property name="libs.nokiadeployment.javadoc" value="" />
    <property name="libs.struts2lib-2-0-11-basic.javadoc" value="" />
    <property name="build.test.results.dir" value="build/test/results" />
    <property name="java.runtime.version" value="1.6.0_22-b04-307-10M3261" />
    <property name="libs.ejb3-persistence.javadoc" value="" />
    <property name="libs.NetBeans MIDP Components.src" value="/Applications/NetBeans/NetBeans 6.9.1.app/Contents/Resources/NetBeans/mobility/sources/netbeans_midp_components_basic-src.zip" />
    <property name="libs.sjmc-ant-utils.javadoc" value="" />
    <property name="default.javac.target" value="1.6" />
    <property name="libs.junit_4.classpath" value="/Applications/NetBeans/NetBeans 6.9.1.app/Contents/Resources/NetBeans/platform/modules/ext/junit-4.5.jar" />
    <property name="libs.Java-EE-GlassFish-v3.src" value="" />
    <property name="user.timezone" value="" />
    <property name="libs.ant-contrib.src" value="" />
    <property name="libs.JAVADB_DRIVER_LABEL.javadoc" value="" />
    <property name="libs.javaee-endorsed-api-6.0.maven-pom" value="" />
    <property name="netbeans.dirs" value="/Applications/NetBeans/NetBeans 6.9.1.app/Contents/Resources/NetBeans/nb:/Applications/NetBeans/NetBeans 6.9.1.app/Contents/Resources/NetBeans/ergonomics:/Applications/NetBeans/NetBeans 6.9.1.app/Contents/Resources/NetBeans/ide:/Applications/NetBeans/NetBeans 6.9.1.app/Contents/Resources/NetBeans/java:/Applications/NetBeans/NetBeans 6.9.1.app/Contents/MacOS/../Resources/NetBeans/bin/../xml:/Applications/NetBeans/NetBeans 6.9.1.app/Contents/Resources/NetBeans/apisupport:/Applications/NetBeans/NetBeans 6.9.1.app/Contents/MacOS/../Resources/NetBeans/bin/../webcommon:/Applications/NetBeans/NetBeans 6.9.1.app/Contents/Resources/NetBeans/websvccommon:/Applications/NetBeans/NetBeans 6.9.1.app/Contents/Resources/NetBeans/enterprise:/Applications/NetBeans/NetBeans 6.9.1.app/Contents/Resources/NetBeans/mobility:/Applications/NetBeans/NetBeans 6.9.1.app/Contents/Resources/NetBeans/profiler:/Applications/NetBeans/NetBeans 6.9.1.app/Contents/Resources/NetBeans/ruby:/Applications/NetBeans/NetBeans 6.9.1.app/Contents/MacOS/../Resources/NetBeans/bin/../python:/Applications/NetBeans/NetBeans 6.9.1.app/Contents/Resources/NetBeans/php:/Applications/NetBeans/NetBeans 6.9.1.app/Contents/MacOS/../Resources/NetBeans/bin/../visualweb:/Applications/NetBeans/NetBeans 6.9.1.app/Contents/MacOS/../Resources/NetBeans/bin/../soa:/Applications/NetBeans/NetBeans 6.9.1.app/Contents/Resources/NetBeans/identity:/Applications/NetBeans/NetBeans 6.9.1.app/Contents/MacOS/../Resources/NetBeans/bin/../uml:/Applications/NetBeans/NetBeans 6.9.1.app/Contents/Resources/NetBeans/harness:/Applications/NetBeans/NetBeans 6.9.1.app/Contents/Resources/NetBeans/cnd:/Applications/NetBeans/NetBeans 6.9.1.app/Contents/Resources/NetBeans/dlight:/Applications/NetBeans/NetBeans 6.9.1.app/Contents/Resources/NetBeans/groovy:/Applications/NetBeans/NetBeans 6.9.1.app/Contents/MacOS/../Resources/NetBeans/bin/../extra:/Applications/NetBeans/NetBeans 6.9.1.app/Contents/Resources/NetBeans/javafx:/Applications/NetBeans/NetBeans 6.9.1.app/Contents/MacOS/../Resources/NetBeans/bin/../javacard:" />
    <property name="libs.jsf20.javadoc" value="/Applications/NetBeans/NetBeans 6.9.1.app/Contents/Resources/NetBeans/enterprise/docs/javaee6-doc-api.zip" />
    <property name="libs.restlib_gfv3ee6.src" value="" />
    <property name="java.ext.dirs" value="/Library/Java/Extensions:/System/Library/Java/Extensions:/System/Library/Java/JavaVirtualMachines/1.6.0.jdk/Contents/Home/lib/ext" />
    <property name="libs.metro.src" value="" />
    <property name="libs.semc-ant-utils.src" value="" />
    <property name="libs.savaje-ant-utils.maven-pom" value="" />
    <property name="libs.absolutelayout.classpath" value="/Applications/NetBeans/NetBeans 6.9.1.app/Contents/Resources/NetBeans/java/modules/ext/AbsoluteLayout.jar" />
    <property name="excludes" value="" />
    <property name="libs.restlib.maven-pom" value="" />
    <property name="libs.metro.classpath" value="/Applications/NetBeans/NetBeans 6.9.1.app/Contents/Resources/NetBeans/ide/modules/ext/jaxb/activation.jar:/Applications/NetBeans/NetBeans 6.9.1.app/Contents/Resources/NetBeans/enterprise/modules/ext/metro/webservices-api.jar:/Applications/NetBeans/NetBeans 6.9.1.app/Contents/Resources/NetBeans/enterprise/modules/ext/metro/webservices-extra-api.jar:/Applications/NetBeans/NetBeans 6.9.1.app/Contents/Resources/NetBeans/enterprise/modules/ext/metro/webservices-extra.jar:/Applications/NetBeans/NetBeans 6.9.1.app/Contents/Resources/NetBeans/enterprise/modules/ext/metro/webservices-rt.jar:/Applications/NetBeans/NetBeans 6.9.1.app/Contents/Resources/NetBeans/enterprise/modules/ext/metro/webservices-tools.jar" />
    <property name="libs.DataBindingME.javadoc" value="/Applications/NetBeans/NetBeans 6.9.1.app/Contents/Resources/NetBeans/mobility/modules/docs/netbeans_databindingme-api.zip" />
    <property name="java.class.path" value="/Applications/NetBeans/NetBeans 6.9.1.app/Contents/Resources/NetBeans/java/modules/ext/hibernate/antlr-2.7.6.jar:/Applications/NetBeans/NetBeans 6.9.1.app/Contents/Resources/NetBeans/java/modules/ext/hibernate/asm.jar:/Applications/NetBeans/NetBeans 6.9.1.app/Contents/Resources/NetBeans/java/modules/ext/hibernate/asm-attrs.jar:/Applications/NetBeans/NetBeans 6.9.1.app/Contents/Resources/NetBeans/java/modules/ext/hibernate/cglib-2.1.3.jar:/Applications/NetBeans/NetBeans 6.9.1.app/Contents/Resources/NetBeans/java/modules/ext/hibernate/commons-collections-2.1.1.jar:/Applications/NetBeans/NetBeans 6.9.1.app/Contents/Resources/NetBeans/ide/modules/ext/commons-logging-1.1.jar:/Applications/NetBeans/NetBeans 6.9.1.app/Contents/Resources/NetBeans/java/modules/ext/hibernate/dom4j-1.6.1.jar:/Applications/NetBeans/NetBeans 6.9.1.app/Contents/Resources/NetBeans/java/modules/ext/hibernate/ehcache-1.2.3.jar:/Applications/NetBeans/NetBeans 6.9.1.app/Contents/Resources/NetBeans/java/modules/ext/hibernate/jdbc2_0-stdext.jar:/Applications/NetBeans/NetBeans 6.9.1.app/Contents/Resources/NetBeans/java/modules/ext/hibernate/jta.jar:/Applications/NetBeans/NetBeans 6.9.1.app/Contents/Resources/NetBeans/java/modules/ext/hibernate/hibernate3.jar:/Applications/NetBeans/NetBeans 6.9.1.app/Contents/Resources/NetBeans/java/modules/ext/hibernate/hibernate-tools.jar:/Applications/NetBeans/NetBeans 6.9.1.app/Contents/Resources/NetBeans/java/modules/ext/hibernate/hibernate-annotations.jar:/Applications/NetBeans/NetBeans 6.9.1.app/Contents/Resources/NetBeans/java/modules/ext/hibernate/hibernate-commons-annotations.jar:/Applications/NetBeans/NetBeans 6.9.1.app/Contents/Resources/NetBeans/java/modules/ext/hibernate/hibernate-entitymanager.jar:/Applications/NetBeans/NetBeans 6.9.1.app/Contents/Resources/NetBeans/java/modules/ext/hibernate/javassist.jar:/Applications/NetBeans/NetBeans 6.9.1.app/Contents/Resources/NetBeans/java/modules/ext/hibernate/ejb3-persistence.jar:/Users/matheusmf/NetBeansProjects/PrimeiroIncremento/build/web/WEB-INF/classes:/Applications/NetBeans/NetBeans 6.9.1.app/Contents/Resources/NetBeans/platform/modules/ext/junit-4.5.jar:/Users/matheusmf/NetBeansProjects/PrimeiroIncremento/build/test/classes:/Applications/NetBeans/apache-tomcat-6.0.26/lib/annotations-api.jar:/Applications/NetBeans/apache-tomcat-6.0.26/lib/catalina-ant.jar:/Applications/NetBeans/apache-tomcat-6.0.26/lib/catalina-ha.jar:/Applications/NetBeans/apache-tomcat-6.0.26/lib/catalina-tribes.jar:/Applications/NetBeans/apache-tomcat-6.0.26/lib/catalina.jar:/Applications/NetBeans/apache-tomcat-6.0.26/lib/el-api.jar:/Applications/NetBeans/apache-tomcat-6.0.26/lib/jasper-el.jar:/Applications/NetBeans/apache-tomcat-6.0.26/lib/jasper.jar:/Applications/NetBeans/apache-tomcat-6.0.26/lib/jsp-api.jar:/Applications/NetBeans/apache-tomcat-6.0.26/lib/servlet-api.jar:/Applications/NetBeans/apache-tomcat-6.0.26/lib/tomcat-coyote.jar:/Applications/NetBeans/apache-tomcat-6.0.26/lib/tomcat-dbcp.jar:/Applications/NetBeans/apache-tomcat-6.0.26/lib/tomcat-i18n-es.jar:/Applications/NetBeans/apache-tomcat-6.0.26/lib/tomcat-i18n-fr.jar:/Applications/NetBeans/apache-tomcat-6.0.26/lib/tomcat-i18n-ja.jar:/Applications/NetBeans/apache-tomcat-6.0.26/bin/tomcat-juli.jar:/Applications/NetBeans/NetBeans 6.9.1.app/Contents/Resources/NetBeans/java/ant/lib/ant-launcher.jar:/Applications/NetBeans/NetBeans 6.9.1.app/Contents/Resources/NetBeans/java/ant/lib/ant.jar:/Applications/NetBeans/NetBeans 6.9.1.app/Contents/Resources/NetBeans/java/ant/patches/72080.jar" />
    <property name="apple.laf.useScreenMenuBar" value="true" />
    <property name="libs.absolutelayout.src" value="" />
    <property name="libs.cdc-pp-awt-layout.maven-pom" value="" />
    <property name="j2ee.server.type" value="Tomcat60" />
    <property name="os.version" value="10.6.4" />
    <property name="libs.EclipseLink-GlassFish-v3.javadoc" value="/Applications/NetBeans/NetBeans 6.9.1.app/Contents/Resources/NetBeans/enterprise/docs/javaee6-doc-api.zip" />
    <property name="libs.JMUnit4CLDC11.maven-pom" value="" />
    <property name="libs.toplink.javadoc" value="/Applications/NetBeans/NetBeans 6.9.1.app/Contents/Resources/NetBeans/enterprise/docs/javaee6-doc-api.zip" />
    <property name="libs.nb_svg_midp_components.maven-pom" value="" />
    <property name="libs.ricoh-ant-utils.javadoc" value="" />
    <property name="libs.Comet-GlassFish-v3.src" value="" />
    <property name="libs.restlib.javadoc" value="/Applications/NetBeans/NetBeans 6.9.1.app/Contents/Resources/NetBeans/enterprise/docs/jersey-client-1.1.5.1-javadoc.zip:/Applications/NetBeans/NetBeans 6.9.1.app/Contents/Resources/NetBeans/enterprise/docs/jersey-core-1.1.5.1-javadoc.zip:/Applications/NetBeans/NetBeans 6.9.1.app/Contents/Resources/NetBeans/enterprise/docs/jersey-json-1.1.5.1-javadoc.zip:/Applications/NetBeans/NetBeans 6.9.1.app/Contents/Resources/NetBeans/enterprise/docs/jersey-spring-1.1.5.1-javadoc.zip:/Applications/NetBeans/NetBeans 6.9.1.app/Contents/Resources/NetBeans/enterprise/docs/oauth-client-1.1.5.1-javadoc.zip:/Applications/NetBeans/NetBeans 6.9.1.app/Contents/Resources/NetBeans/enterprise/docs/oauth-signature-1.1.5.1-javadoc.zip" />
    <property name="war.content.additional" value="" />
    <property name="libs.NetBeans MIDP Components PDA.maven-pom" value="" />
    <property name="j2ee.platform.embeddableejb.classpath" value="" />
    <property name="libs.eclipselink.classpath" value="/Applications/NetBeans/NetBeans 6.9.1.app/Contents/Resources/NetBeans/java/modules/ext/eclipselink/eclipselink-2.0.2.jar:/Applications/NetBeans/NetBeans 6.9.1.app/Contents/Resources/NetBeans/java/modules/ext/eclipselink/eclipselink-javax.persistence-2.0.jar" />
    <property name="libs.beans-binding.javadoc" value="/Applications/NetBeans/NetBeans 6.9.1.app/Contents/Resources/NetBeans/java/docs/beansbinding-1.2.1-doc.zip" />
    <property name="java.awt.graphicsenv" value="apple.awt.CGraphicsEnvironment" />
    <property name="libs.Java-EE-GlassFish-v3.classpath" value="/Applications/NetBeans/glassfish-3.0.1/glassfish/modules/javax.servlet.jar:/Applications/NetBeans/glassfish-3.0.1/glassfish/modules/jsf-api.jar:/Applications/NetBeans/glassfish-3.0.1/glassfish/modules/jsr311-api.jar:/Applications/NetBeans/glassfish-3.0.1/glassfish/modules/endorsed/javax.annotation.jar:/Applications/NetBeans/glassfish-3.0.1/glassfish/modules/javax.security.jacc.jar:/Applications/NetBeans/glassfish-3.0.1/glassfish/modules/endorsed/webservices-api-osgi.jar:/Applications/NetBeans/glassfish-3.0.1/glassfish/modules/javax.transaction.jar:/Applications/NetBeans/glassfish-3.0.1/glassfish/modules/javax.servlet.jsp.jstl.jar:/Applications/NetBeans/glassfish-3.0.1/glassfish/modules/javax.jms.jar:/Applications/NetBeans/glassfish-3.0.1/glassfish/modules/endorsed/jaxb-api-osgi.jar:/Applications/NetBeans/glassfish-3.0.1/glassfish/modules/weld-osgi-bundle.jar:/Applications/NetBeans/glassfish-3.0.1/glassfish/modules/bean-validator.jar:/Applications/NetBeans/glassfish-3.0.1/glassfish/modules/javax.ejb.jar:/Applications/NetBeans/glassfish-3.0.1/glassfish/modules/javax.servlet.jsp.jar:/Applications/NetBeans/glassfish-3.0.1/glassfish/modules/javax.enterprise.deploy.jar:/Applications/NetBeans/glassfish-3.0.1/glassfish/modules/jstl-impl.jar:/Applications/NetBeans/glassfish-3.0.1/glassfish/modules/jsf-impl.jar:/Applications/NetBeans/glassfish-3.0.1/glassfish/modules/javax.management.j2ee.jar:/Applications/NetBeans/glassfish-3.0.1/glassfish/modules/mail.jar:/Applications/NetBeans/glassfish-3.0.1/glassfish/modules/javax.resource.jar:/Applications/NetBeans/glassfish-3.0.1/glassfish/modules/javax.persistence.jar:/Applications/NetBeans/glassfish-3.0.1/glassfish/modules/javax.security.auth.message.jar:/Applications/NetBeans/glassfish-3.0.1/glassfish/modules/web-core.jar" />
    <property name="java.vm.vendor" value="Apple Inc." />
    <property name="libs.CopyLibs.classpath" value="/Applications/NetBeans/NetBeans 6.9.1.app/Contents/Resources/NetBeans/java/ant/extra/org-netbeans-modules-java-j2seproject-copylibstask.jar" />
    <property name="libs.spring-framework300.classpath" value="/Applications/NetBeans/NetBeans 6.9.1.app/Contents/Resources/NetBeans/ide/modules/ext/commons-logging-1.1.jar:/Applications/NetBeans/NetBeans 6.9.1.app/Contents/Resources/NetBeans/java/modules/ext/cglib-2.2.jar:/Applications/NetBeans/NetBeans 6.9.1.app/Contents/Resources/NetBeans/java/modules/ext/spring-3.0/spring-aop-3.0.2.RELEASE.jar:/Applications/NetBeans/NetBeans 6.9.1.app/Contents/Resources/NetBeans/java/modules/ext/spring-3.0/spring-asm-3.0.2.RELEASE.jar:/Applications/NetBeans/NetBeans 6.9.1.app/Contents/Resources/NetBeans/java/modules/ext/spring-3.0/spring-aspects-3.0.2.RELEASE.jar:/Applications/NetBeans/NetBeans 6.9.1.app/Contents/Resources/NetBeans/java/modules/ext/spring-3.0/spring-beans-3.0.2.RELEASE.jar:/Applications/NetBeans/NetBeans 6.9.1.app/Contents/Resources/NetBeans/java/modules/ext/spring-3.0/spring-context-3.0.2.RELEASE.jar:/Applications/NetBeans/NetBeans 6.9.1.app/Contents/Resources/NetBeans/java/modules/ext/spring-3.0/spring-context-support-3.0.2.RELEASE.jar:/Applications/NetBeans/NetBeans 6.9.1.app/Contents/Resources/NetBeans/java/modules/ext/spring-3.0/spring-core-3.0.2.RELEASE.jar:/Applications/NetBeans/NetBeans 6.9.1.app/Contents/Resources/NetBeans/java/modules/ext/spring-3.0/spring-expression-3.0.2.RELEASE.jar:/Applications/NetBeans/NetBeans 6.9.1.app/Contents/Resources/NetBeans/java/modules/ext/spring-3.0/spring-instrument-3.0.2.RELEASE.jar:/Applications/NetBeans/NetBeans 6.9.1.app/Contents/Resources/NetBeans/java/modules/ext/spring-3.0/spring-instrument-tomcat-3.0.2.RELEASE.jar:/Applications/NetBeans/NetBeans 6.9.1.app/Contents/Resources/NetBeans/java/modules/ext/spring-3.0/spring-jdbc-3.0.2.RELEASE.jar:/Applications/NetBeans/NetBeans 6.9.1.app/Contents/Resources/NetBeans/java/modules/ext/spring-3.0/spring-jms-3.0.2.RELEASE.jar:/Applications/NetBeans/NetBeans 6.9.1.app/Contents/Resources/NetBeans/java/modules/ext/spring-3.0/spring-orm-3.0.2.RELEASE.jar:/Applications/NetBeans/NetBeans 6.9.1.app/Contents/Resources/NetBeans/java/modules/ext/spring-3.0/spring-oxm-3.0.2.RELEASE.jar:/Applications/NetBeans/NetBeans 6.9.1.app/Contents/Resources/NetBeans/java/modules/ext/spring-3.0/spring-test-3.0.2.RELEASE.jar:/Applications/NetBeans/NetBeans 6.9.1.app/Contents/Resources/NetBeans/java/modules/ext/spring-3.0/spring-tx-3.0.2.RELEASE.jar:/Applications/NetBeans/NetBeans 6.9.1.app/Contents/Resources/NetBeans/java/modules/ext/spring-3.0/spring-web-3.0.2.RELEASE.jar:/Applications/NetBeans/NetBeans 6.9.1.app/Contents/Resources/NetBeans/java/modules/ext/spring-3.0/spring-webmvc-portlet-3.0.2.RELEASE.jar:/Applications/NetBeans/NetBeans 6.9.1.app/Contents/Resources/NetBeans/java/modules/ext/spring-3.0/spring-webmvc-3.0.2.RELEASE.jar:/Applications/NetBeans/NetBeans 6.9.1.app/Contents/Resources/NetBeans/java/modules/ext/spring-3.0/spring-struts-3.0.2.RELEASE.jar" />
    <property name="libs.jsp-compiler.maven-pom" value="" />
    <property name="libs.Java-EE-GlassFish-v3.wsinterop" value="" />
    <property name="libs.spring-webmvc.maven-pom" value="" />
    <property name="libs.ejb3-persistence.classpath" value="/Applications/NetBeans/NetBeans 6.9.1.app/Contents/Resources/NetBeans/java/modules/ext/hibernate/ejb3-persistence.jar" />
    <property name="platforms.Java_TM__Platform_Micro_Edition_SDK_3_0.type" value="UEI-1.0.1" />
    <property name="libs.spring-framework.javadoc" value="" />
    <property name="libs.DataBindingME-PIM.src" value="" />
    <property name="libs.PostgreSQLDriver.classpath" value="/Applications/NetBeans/NetBeans 6.9.1.app/Contents/Resources/NetBeans/ide/modules/ext/postgresql-8.3-603.jdbc3.jar" />
    <property name="libs.jsf12.maven-pom" value="" />
    <property name="libs.junit.src" value="" />
    <property name="annotation.processing.source.output" value="build/generated-sources/ap-source-output" />
    <property name="libs.CopyLibs.src" value="" />
    <property name="build.dir" value="build" />
    <property name="libs.jsp-compilation.classpath" value="/Applications/NetBeans/NetBeans 6.9.1.app/Contents/Resources/NetBeans/java/ant/lib/ant.jar:/Applications/NetBeans/NetBeans 6.9.1.app/Contents/Resources/NetBeans/enterprise/modules/ext/servlet2.5-jsp2.1-api.jar:/Applications/NetBeans/NetBeans 6.9.1.app/Contents/Resources/NetBeans/enterprise/modules/ext/glassfish-jspparser-2.0.jar:/Applications/NetBeans/NetBeans 6.9.1.app/Contents/Resources/NetBeans/enterprise/modules/ext/glassfish-logging-2.0.jar:/Applications/NetBeans/NetBeans 6.9.1.app/Contents/Resources/NetBeans/ide/modules/ext/commons-logging-1.1.jar:/Applications/NetBeans/NetBeans 6.9.1.app/Contents/Resources/NetBeans/java/ant/lib/ant-launcher.jar" />
    <property name="ant.version" value="Apache Ant version 1.8.1 compiled on April 30 2010" />
    <property name="file.encoding" value="MacRoman" />
    <property name="build.classes.excludes" value="**/*.java,**/*.form" />
    <property name="javadoc.nonavbar" value="false" />
    <property name="platform.active" value="default_platform" />
    <property name="awt.toolkit" value="apple.awt.CToolkit" />
    <property name="war.ear.name" value="PrimeiroIncremento.war" />
  </properties>
  <testcase classname="aplicacao.ShoppingVirtualTest" name="testGetInstancia" time="1.757" />
  <testcase classname="aplicacao.ShoppingVirtualTest" name="testAdicionarItemCarrinho" time="0.113" />
  <testcase classname="aplicacao.ShoppingVirtualTest" name="testFinalizarCompra" time="0.0030">
    <failure message="expected:&lt;100.0&gt; but was:&lt;200.0&gt;" type="junit.framework.AssertionFailedError">junit.framework.AssertionFailedError: expected:&lt;100.0&gt; but was:&lt;200.0&gt;
	at aplicacao.ShoppingVirtualTest.testFinalizarCompra(ShoppingVirtualTest.java:93)
</failure>
  </testcase>
  <system-out><![CDATA[Iniciando Teste
getInstancia
Finalizando Teste
Iniciando Teste
adicionarItemCarrinho
Finalizando Teste
Iniciando Teste
finalizarCompra
Finalizando Teste
]]></system-out>
  <system-err><![CDATA[19/11/2010 12:33:00 org.hibernate.cfg.annotations.Version <clinit>
INFO: Hibernate Annotations 3.3.1.GA
19/11/2010 12:33:00 org.hibernate.cfg.Environment <clinit>
INFO: Hibernate 3.2.5
19/11/2010 12:33:00 org.hibernate.cfg.Environment <clinit>
INFO: hibernate.properties not found
19/11/2010 12:33:01 org.hibernate.cfg.Environment buildBytecodeProvider
INFO: Bytecode provider name : cglib
19/11/2010 12:33:01 org.hibernate.cfg.Environment <clinit>
INFO: using JDK 1.4 java.sql.Timestamp handling
19/11/2010 12:33:01 org.hibernate.ejb.Version <clinit>
INFO: Hibernate EntityManager 3.3.2.GA
19/11/2010 12:33:01 org.hibernate.cfg.AnnotationBinder bindClass
INFO: Binding entity from annotated class: aplicacao.Item
19/11/2010 12:33:01 org.hibernate.cfg.annotations.EntityBinder bindTable
INFO: Bind entity aplicacao.Item on table item
19/11/2010 12:33:01 org.hibernate.cfg.AnnotationBinder bindClass
INFO: Binding entity from annotated class: aplicacao.Produto
19/11/2010 12:33:01 org.hibernate.cfg.annotations.EntityBinder bindTable
INFO: Bind entity aplicacao.Produto on table produto
19/11/2010 12:33:01 org.hibernate.cfg.AnnotationBinder bindClass
INFO: Binding entity from annotated class: aplicacao.Loja
19/11/2010 12:33:01 org.hibernate.cfg.annotations.EntityBinder bindTable
INFO: Bind entity aplicacao.Loja on table loja
19/11/2010 12:33:01 org.hibernate.cfg.AnnotationBinder bindClass
INFO: Binding entity from annotated class: aplicacao.Pedido
19/11/2010 12:33:01 org.hibernate.cfg.annotations.EntityBinder bindTable
INFO: Bind entity aplicacao.Pedido on table pedido
19/11/2010 12:33:01 org.hibernate.cfg.AnnotationBinder bindClass
INFO: Binding entity from annotated class: aplicacao.Carrinho
19/11/2010 12:33:01 org.hibernate.cfg.annotations.EntityBinder bindTable
INFO: Bind entity aplicacao.Carrinho on table carrinho
19/11/2010 12:33:01 org.hibernate.cfg.annotations.CollectionBinder bindOneToManySecondPass
INFO: Mapping collection: aplicacao.Carrinho.itens -> item
19/11/2010 12:33:01 org.hibernate.cfg.AnnotationConfiguration secondPassCompile
INFO: Hibernate Validator not found: ignoring
19/11/2010 12:33:01 org.hibernate.connection.DriverManagerConnectionProvider configure
INFO: Using Hibernate built-in connection pool (not for production use!)
19/11/2010 12:33:01 org.hibernate.connection.DriverManagerConnectionProvider configure
INFO: Hibernate connection pool size: 20
19/11/2010 12:33:01 org.hibernate.connection.DriverManagerConnectionProvider configure
INFO: autocommit mode: true
19/11/2010 12:33:01 org.hibernate.connection.DriverManagerConnectionProvider configure
INFO: using driver: com.mysql.jdbc.Driver at URL: jdbc:mysql://localhost:3306/svtestes
19/11/2010 12:33:01 org.hibernate.connection.DriverManagerConnectionProvider configure
INFO: connection properties: {user=root, password=****, autocommit=true, release_mode=auto}
19/11/2010 12:33:01 org.hibernate.cfg.SettingsFactory buildSettings
INFO: RDBMS: MySQL, version: 5.1.52
19/11/2010 12:33:01 org.hibernate.cfg.SettingsFactory buildSettings
INFO: JDBC driver: MySQL-AB JDBC Driver, version: mysql-connector-java-5.1.13 ( Revision: ${bzr.revision-id} )
19/11/2010 12:33:01 org.hibernate.dialect.Dialect <init>
INFO: Using dialect: org.hibernate.dialect.MySQLDialect
19/11/2010 12:33:01 org.hibernate.transaction.TransactionFactoryFactory buildTransactionFactory
INFO: Transaction strategy: org.hibernate.transaction.JDBCTransactionFactory
19/11/2010 12:33:01 org.hibernate.transaction.TransactionManagerLookupFactory getTransactionManagerLookup
INFO: No TransactionManagerLookup configured (in JTA environment, use of read-write or transactional second-level cache is not recommended)
19/11/2010 12:33:01 org.hibernate.cfg.SettingsFactory buildSettings
INFO: Automatic flush during beforeCompletion(): disabled
19/11/2010 12:33:01 org.hibernate.cfg.SettingsFactory buildSettings
INFO: Automatic session close at end of transaction: disabled
19/11/2010 12:33:01 org.hibernate.cfg.SettingsFactory buildSettings
INFO: JDBC batch size: 15
19/11/2010 12:33:01 org.hibernate.cfg.SettingsFactory buildSettings
INFO: JDBC batch updates for versioned data: disabled
19/11/2010 12:33:01 org.hibernate.cfg.SettingsFactory buildSettings
INFO: Scrollable result sets: enabled
19/11/2010 12:33:01 org.hibernate.cfg.SettingsFactory buildSettings
INFO: JDBC3 getGeneratedKeys(): enabled
19/11/2010 12:33:01 org.hibernate.cfg.SettingsFactory buildSettings
INFO: Connection release mode: auto
19/11/2010 12:33:01 org.hibernate.cfg.SettingsFactory buildSettings
INFO: Maximum outer join fetch depth: 2
19/11/2010 12:33:01 org.hibernate.cfg.SettingsFactory buildSettings
INFO: Default batch fetch size: 1
19/11/2010 12:33:01 org.hibernate.cfg.SettingsFactory buildSettings
INFO: Generate SQL with comments: disabled
19/11/2010 12:33:01 org.hibernate.cfg.SettingsFactory buildSettings
INFO: Order SQL updates by primary key: disabled
19/11/2010 12:33:01 org.hibernate.cfg.SettingsFactory buildSettings
INFO: Order SQL inserts for batching: disabled
19/11/2010 12:33:01 org.hibernate.cfg.SettingsFactory createQueryTranslatorFactory
INFO: Query translator: org.hibernate.hql.ast.ASTQueryTranslatorFactory
19/11/2010 12:33:01 org.hibernate.hql.ast.ASTQueryTranslatorFactory <init>
INFO: Using ASTQueryTranslatorFactory
19/11/2010 12:33:01 org.hibernate.cfg.SettingsFactory buildSettings
INFO: Query language substitutions: {}
19/11/2010 12:33:01 org.hibernate.cfg.SettingsFactory buildSettings
INFO: JPA-QL strict compliance: enabled
19/11/2010 12:33:01 org.hibernate.cfg.SettingsFactory buildSettings
INFO: Second-level cache: enabled
19/11/2010 12:33:01 org.hibernate.cfg.SettingsFactory buildSettings
INFO: Query cache: disabled
19/11/2010 12:33:01 org.hibernate.cfg.SettingsFactory createCacheProvider
INFO: Cache provider: org.hibernate.cache.NoCacheProvider
19/11/2010 12:33:01 org.hibernate.cfg.SettingsFactory buildSettings
INFO: Optimize cache for minimal puts: disabled
19/11/2010 12:33:01 org.hibernate.cfg.SettingsFactory buildSettings
INFO: Structured second-level cache entries: disabled
19/11/2010 12:33:01 org.hibernate.cfg.SettingsFactory buildSettings
INFO: Statistics: disabled
19/11/2010 12:33:01 org.hibernate.cfg.SettingsFactory buildSettings
INFO: Deleted entity synthetic identifier rollback: disabled
19/11/2010 12:33:01 org.hibernate.cfg.SettingsFactory buildSettings
INFO: Default entity-mode: pojo
19/11/2010 12:33:01 org.hibernate.cfg.SettingsFactory buildSettings
INFO: Named query checking : enabled
19/11/2010 12:33:01 org.hibernate.impl.SessionFactoryImpl <init>
INFO: building session factory
19/11/2010 12:33:02 org.hibernate.impl.SessionFactoryObjectFactory addInstance
INFO: Not binding factory to JNDI, no JNDI name configured
19/11/2010 12:33:02 org.hibernate.tool.hbm2ddl.SchemaUpdate execute
INFO: Running hbm2ddl schema update
19/11/2010 12:33:02 org.hibernate.tool.hbm2ddl.SchemaUpdate execute
INFO: fetching database metadata
19/11/2010 12:33:02 org.hibernate.tool.hbm2ddl.SchemaUpdate execute
INFO: updating schema
19/11/2010 12:33:02 org.hibernate.tool.hbm2ddl.TableMetadata <init>
INFO: table found: svtestes.carrinho
19/11/2010 12:33:02 org.hibernate.tool.hbm2ddl.TableMetadata <init>
INFO: columns: [id_carrinho]
19/11/2010 12:33:02 org.hibernate.tool.hbm2ddl.TableMetadata <init>
INFO: foreign keys: []
19/11/2010 12:33:02 org.hibernate.tool.hbm2ddl.TableMetadata <init>
INFO: indexes: [primary]
19/11/2010 12:33:02 org.hibernate.tool.hbm2ddl.TableMetadata <init>
INFO: table found: svtestes.item
19/11/2010 12:33:02 org.hibernate.tool.hbm2ddl.TableMetadata <init>
INFO: columns: [quantidade, valor, id_produto, id_item, id_carrinho]
19/11/2010 12:33:02 org.hibernate.tool.hbm2ddl.TableMetadata <init>
INFO: foreign keys: []
19/11/2010 12:33:02 org.hibernate.tool.hbm2ddl.TableMetadata <init>
INFO: indexes: [primary, fk317b13ff68729f]
19/11/2010 12:33:02 org.hibernate.tool.hbm2ddl.TableMetadata <init>
INFO: table found: svtestes.loja
19/11/2010 12:33:02 org.hibernate.tool.hbm2ddl.TableMetadata <init>
INFO: columns: [id_loja, nome]
19/11/2010 12:33:02 org.hibernate.tool.hbm2ddl.TableMetadata <init>
INFO: foreign keys: []
19/11/2010 12:33:02 org.hibernate.tool.hbm2ddl.TableMetadata <init>
INFO: indexes: [primary]
19/11/2010 12:33:02 org.hibernate.tool.hbm2ddl.TableMetadata <init>
INFO: table found: svtestes.pedido
19/11/2010 12:33:02 org.hibernate.tool.hbm2ddl.TableMetadata <init>
INFO: columns: [carrinho_id_carrinho, valortotal, id_pedido]
19/11/2010 12:33:02 org.hibernate.tool.hbm2ddl.TableMetadata <init>
INFO: foreign keys: []
19/11/2010 12:33:02 org.hibernate.tool.hbm2ddl.TableMetadata <init>
INFO: indexes: [primary, fkc4dd17451e1ab2ea]
19/11/2010 12:33:02 org.hibernate.tool.hbm2ddl.TableMetadata <init>
INFO: table found: svtestes.produto
19/11/2010 12:33:02 org.hibernate.tool.hbm2ddl.TableMetadata <init>
INFO: columns: [preco, quantidade, imagem, id_produto, nome, loja_id_loja]
19/11/2010 12:33:02 org.hibernate.tool.hbm2ddl.TableMetadata <init>
INFO: foreign keys: []
19/11/2010 12:33:02 org.hibernate.tool.hbm2ddl.TableMetadata <init>
INFO: indexes: [primary, fked8dcef9ee598cba]
19/11/2010 12:33:02 org.hibernate.tool.hbm2ddl.SchemaUpdate execute
INFO: schema update complete
19/11/2010 12:33:02 org.hibernate.cfg.AnnotationBinder bindClass
INFO: Binding entity from annotated class: aplicacao.Item
19/11/2010 12:33:02 org.hibernate.cfg.annotations.EntityBinder bindTable
INFO: Bind entity aplicacao.Item on table item
19/11/2010 12:33:02 org.hibernate.cfg.AnnotationBinder bindClass
INFO: Binding entity from annotated class: aplicacao.Produto
19/11/2010 12:33:02 org.hibernate.cfg.annotations.EntityBinder bindTable
INFO: Bind entity aplicacao.Produto on table produto
19/11/2010 12:33:02 org.hibernate.cfg.AnnotationBinder bindClass
INFO: Binding entity from annotated class: aplicacao.Loja
19/11/2010 12:33:02 org.hibernate.cfg.annotations.EntityBinder bindTable
INFO: Bind entity aplicacao.Loja on table loja
19/11/2010 12:33:02 org.hibernate.cfg.AnnotationBinder bindClass
INFO: Binding entity from annotated class: aplicacao.Pedido
19/11/2010 12:33:02 org.hibernate.cfg.annotations.EntityBinder bindTable
INFO: Bind entity aplicacao.Pedido on table pedido
19/11/2010 12:33:02 org.hibernate.cfg.AnnotationBinder bindClass
INFO: Binding entity from annotated class: aplicacao.Carrinho
19/11/2010 12:33:02 org.hibernate.cfg.annotations.EntityBinder bindTable
INFO: Bind entity aplicacao.Carrinho on table carrinho
19/11/2010 12:33:02 org.hibernate.cfg.annotations.CollectionBinder bindOneToManySecondPass
INFO: Mapping collection: aplicacao.Carrinho.itens -> item
19/11/2010 12:33:02 org.hibernate.cfg.AnnotationConfiguration secondPassCompile
INFO: Hibernate Validator not found: ignoring
19/11/2010 12:33:02 org.hibernate.connection.DriverManagerConnectionProvider configure
INFO: Using Hibernate built-in connection pool (not for production use!)
19/11/2010 12:33:02 org.hibernate.connection.DriverManagerConnectionProvider configure
INFO: Hibernate connection pool size: 20
19/11/2010 12:33:02 org.hibernate.connection.DriverManagerConnectionProvider configure
INFO: autocommit mode: true
19/11/2010 12:33:02 org.hibernate.connection.DriverManagerConnectionProvider configure
INFO: using driver: com.mysql.jdbc.Driver at URL: jdbc:mysql://localhost:3306/svtestes
19/11/2010 12:33:02 org.hibernate.connection.DriverManagerConnectionProvider configure
INFO: connection properties: {user=root, password=****, autocommit=true, release_mode=auto}
19/11/2010 12:33:02 org.hibernate.cfg.SettingsFactory buildSettings
INFO: RDBMS: MySQL, version: 5.1.52
19/11/2010 12:33:02 org.hibernate.cfg.SettingsFactory buildSettings
INFO: JDBC driver: MySQL-AB JDBC Driver, version: mysql-connector-java-5.1.13 ( Revision: ${bzr.revision-id} )
19/11/2010 12:33:02 org.hibernate.dialect.Dialect <init>
INFO: Using dialect: org.hibernate.dialect.MySQLDialect
19/11/2010 12:33:02 org.hibernate.transaction.TransactionFactoryFactory buildTransactionFactory
INFO: Transaction strategy: org.hibernate.transaction.JDBCTransactionFactory
19/11/2010 12:33:02 org.hibernate.transaction.TransactionManagerLookupFactory getTransactionManagerLookup
INFO: No TransactionManagerLookup configured (in JTA environment, use of read-write or transactional second-level cache is not recommended)
19/11/2010 12:33:02 org.hibernate.cfg.SettingsFactory buildSettings
INFO: Automatic flush during beforeCompletion(): disabled
19/11/2010 12:33:02 org.hibernate.cfg.SettingsFactory buildSettings
INFO: Automatic session close at end of transaction: disabled
19/11/2010 12:33:02 org.hibernate.cfg.SettingsFactory buildSettings
INFO: JDBC batch size: 15
19/11/2010 12:33:02 org.hibernate.cfg.SettingsFactory buildSettings
INFO: JDBC batch updates for versioned data: disabled
19/11/2010 12:33:02 org.hibernate.cfg.SettingsFactory buildSettings
INFO: Scrollable result sets: enabled
19/11/2010 12:33:02 org.hibernate.cfg.SettingsFactory buildSettings
INFO: JDBC3 getGeneratedKeys(): enabled
19/11/2010 12:33:02 org.hibernate.cfg.SettingsFactory buildSettings
INFO: Connection release mode: auto
19/11/2010 12:33:02 org.hibernate.cfg.SettingsFactory buildSettings
INFO: Maximum outer join fetch depth: 2
19/11/2010 12:33:02 org.hibernate.cfg.SettingsFactory buildSettings
INFO: Default batch fetch size: 1
19/11/2010 12:33:02 org.hibernate.cfg.SettingsFactory buildSettings
INFO: Generate SQL with comments: disabled
19/11/2010 12:33:02 org.hibernate.cfg.SettingsFactory buildSettings
INFO: Order SQL updates by primary key: disabled
19/11/2010 12:33:02 org.hibernate.cfg.SettingsFactory buildSettings
INFO: Order SQL inserts for batching: disabled
19/11/2010 12:33:02 org.hibernate.cfg.SettingsFactory createQueryTranslatorFactory
INFO: Query translator: org.hibernate.hql.ast.ASTQueryTranslatorFactory
19/11/2010 12:33:02 org.hibernate.hql.ast.ASTQueryTranslatorFactory <init>
INFO: Using ASTQueryTranslatorFactory
19/11/2010 12:33:02 org.hibernate.cfg.SettingsFactory buildSettings
INFO: Query language substitutions: {}
19/11/2010 12:33:02 org.hibernate.cfg.SettingsFactory buildSettings
INFO: JPA-QL strict compliance: enabled
19/11/2010 12:33:02 org.hibernate.cfg.SettingsFactory buildSettings
INFO: Second-level cache: enabled
19/11/2010 12:33:02 org.hibernate.cfg.SettingsFactory buildSettings
INFO: Query cache: disabled
19/11/2010 12:33:02 org.hibernate.cfg.SettingsFactory createCacheProvider
INFO: Cache provider: org.hibernate.cache.NoCacheProvider
19/11/2010 12:33:02 org.hibernate.cfg.SettingsFactory buildSettings
INFO: Optimize cache for minimal puts: disabled
19/11/2010 12:33:02 org.hibernate.cfg.SettingsFactory buildSettings
INFO: Structured second-level cache entries: disabled
19/11/2010 12:33:02 org.hibernate.cfg.SettingsFactory buildSettings
INFO: Statistics: disabled
19/11/2010 12:33:02 org.hibernate.cfg.SettingsFactory buildSettings
INFO: Deleted entity synthetic identifier rollback: disabled
19/11/2010 12:33:02 org.hibernate.cfg.SettingsFactory buildSettings
INFO: Default entity-mode: pojo
19/11/2010 12:33:02 org.hibernate.cfg.SettingsFactory buildSettings
INFO: Named query checking : enabled
19/11/2010 12:33:02 org.hibernate.impl.SessionFactoryImpl <init>
INFO: building session factory
19/11/2010 12:33:02 org.hibernate.impl.SessionFactoryObjectFactory addInstance
INFO: Not binding factory to JNDI, no JNDI name configured
19/11/2010 12:33:02 org.hibernate.tool.hbm2ddl.SchemaUpdate execute
INFO: Running hbm2ddl schema update
19/11/2010 12:33:02 org.hibernate.tool.hbm2ddl.SchemaUpdate execute
INFO: fetching database metadata
19/11/2010 12:33:02 org.hibernate.tool.hbm2ddl.SchemaUpdate execute
INFO: updating schema
19/11/2010 12:33:02 org.hibernate.tool.hbm2ddl.TableMetadata <init>
INFO: table found: svtestes.carrinho
19/11/2010 12:33:02 org.hibernate.tool.hbm2ddl.TableMetadata <init>
INFO: columns: [id_carrinho]
19/11/2010 12:33:02 org.hibernate.tool.hbm2ddl.TableMetadata <init>
INFO: foreign keys: []
19/11/2010 12:33:02 org.hibernate.tool.hbm2ddl.TableMetadata <init>
INFO: indexes: [primary]
19/11/2010 12:33:02 org.hibernate.tool.hbm2ddl.TableMetadata <init>
INFO: table found: svtestes.item
19/11/2010 12:33:02 org.hibernate.tool.hbm2ddl.TableMetadata <init>
INFO: columns: [quantidade, valor, id_produto, id_item, id_carrinho]
19/11/2010 12:33:02 org.hibernate.tool.hbm2ddl.TableMetadata <init>
INFO: foreign keys: []
19/11/2010 12:33:02 org.hibernate.tool.hbm2ddl.TableMetadata <init>
INFO: indexes: [primary, fk317b13ff68729f]
19/11/2010 12:33:02 org.hibernate.tool.hbm2ddl.TableMetadata <init>
INFO: table found: svtestes.loja
19/11/2010 12:33:02 org.hibernate.tool.hbm2ddl.TableMetadata <init>
INFO: columns: [id_loja, nome]
19/11/2010 12:33:02 org.hibernate.tool.hbm2ddl.TableMetadata <init>
INFO: foreign keys: []
19/11/2010 12:33:02 org.hibernate.tool.hbm2ddl.TableMetadata <init>
INFO: indexes: [primary]
19/11/2010 12:33:02 org.hibernate.tool.hbm2ddl.TableMetadata <init>
INFO: table found: svtestes.pedido
19/11/2010 12:33:02 org.hibernate.tool.hbm2ddl.TableMetadata <init>
INFO: columns: [carrinho_id_carrinho, valortotal, id_pedido]
19/11/2010 12:33:02 org.hibernate.tool.hbm2ddl.TableMetadata <init>
INFO: foreign keys: []
19/11/2010 12:33:02 org.hibernate.tool.hbm2ddl.TableMetadata <init>
INFO: indexes: [primary, fkc4dd17451e1ab2ea]
19/11/2010 12:33:02 org.hibernate.tool.hbm2ddl.TableMetadata <init>
INFO: table found: svtestes.produto
19/11/2010 12:33:02 org.hibernate.tool.hbm2ddl.TableMetadata <init>
INFO: columns: [preco, quantidade, imagem, id_produto, nome, loja_id_loja]
19/11/2010 12:33:02 org.hibernate.tool.hbm2ddl.TableMetadata <init>
INFO: foreign keys: []
19/11/2010 12:33:02 org.hibernate.tool.hbm2ddl.TableMetadata <init>
INFO: indexes: [primary, fked8dcef9ee598cba]
19/11/2010 12:33:02 org.hibernate.tool.hbm2ddl.SchemaUpdate execute
INFO: schema update complete
19/11/2010 12:33:02 org.hibernate.cfg.AnnotationBinder bindClass
INFO: Binding entity from annotated class: aplicacao.Item
19/11/2010 12:33:02 org.hibernate.cfg.annotations.EntityBinder bindTable
INFO: Bind entity aplicacao.Item on table item
19/11/2010 12:33:02 org.hibernate.cfg.AnnotationBinder bindClass
INFO: Binding entity from annotated class: aplicacao.Produto
19/11/2010 12:33:02 org.hibernate.cfg.annotations.EntityBinder bindTable
INFO: Bind entity aplicacao.Produto on table produto
19/11/2010 12:33:02 org.hibernate.cfg.AnnotationBinder bindClass
INFO: Binding entity from annotated class: aplicacao.Loja
19/11/2010 12:33:02 org.hibernate.cfg.annotations.EntityBinder bindTable
INFO: Bind entity aplicacao.Loja on table loja
19/11/2010 12:33:02 org.hibernate.cfg.AnnotationBinder bindClass
INFO: Binding entity from annotated class: aplicacao.Pedido
19/11/2010 12:33:02 org.hibernate.cfg.annotations.EntityBinder bindTable
INFO: Bind entity aplicacao.Pedido on table pedido
19/11/2010 12:33:02 org.hibernate.cfg.AnnotationBinder bindClass
INFO: Binding entity from annotated class: aplicacao.Carrinho
19/11/2010 12:33:02 org.hibernate.cfg.annotations.EntityBinder bindTable
INFO: Bind entity aplicacao.Carrinho on table carrinho
19/11/2010 12:33:02 org.hibernate.cfg.annotations.CollectionBinder bindOneToManySecondPass
INFO: Mapping collection: aplicacao.Carrinho.itens -> item
19/11/2010 12:33:02 org.hibernate.cfg.AnnotationConfiguration secondPassCompile
INFO: Hibernate Validator not found: ignoring
19/11/2010 12:33:02 org.hibernate.connection.DriverManagerConnectionProvider configure
INFO: Using Hibernate built-in connection pool (not for production use!)
19/11/2010 12:33:02 org.hibernate.connection.DriverManagerConnectionProvider configure
INFO: Hibernate connection pool size: 20
19/11/2010 12:33:02 org.hibernate.connection.DriverManagerConnectionProvider configure
INFO: autocommit mode: true
19/11/2010 12:33:02 org.hibernate.connection.DriverManagerConnectionProvider configure
INFO: using driver: com.mysql.jdbc.Driver at URL: jdbc:mysql://localhost:3306/svtestes
19/11/2010 12:33:02 org.hibernate.connection.DriverManagerConnectionProvider configure
INFO: connection properties: {user=root, password=****, autocommit=true, release_mode=auto}
19/11/2010 12:33:02 org.hibernate.cfg.SettingsFactory buildSettings
INFO: RDBMS: MySQL, version: 5.1.52
19/11/2010 12:33:02 org.hibernate.cfg.SettingsFactory buildSettings
INFO: JDBC driver: MySQL-AB JDBC Driver, version: mysql-connector-java-5.1.13 ( Revision: ${bzr.revision-id} )
19/11/2010 12:33:02 org.hibernate.dialect.Dialect <init>
INFO: Using dialect: org.hibernate.dialect.MySQLDialect
19/11/2010 12:33:02 org.hibernate.transaction.TransactionFactoryFactory buildTransactionFactory
INFO: Transaction strategy: org.hibernate.transaction.JDBCTransactionFactory
19/11/2010 12:33:02 org.hibernate.transaction.TransactionManagerLookupFactory getTransactionManagerLookup
INFO: No TransactionManagerLookup configured (in JTA environment, use of read-write or transactional second-level cache is not recommended)
19/11/2010 12:33:02 org.hibernate.cfg.SettingsFactory buildSettings
INFO: Automatic flush during beforeCompletion(): disabled
19/11/2010 12:33:02 org.hibernate.cfg.SettingsFactory buildSettings
INFO: Automatic session close at end of transaction: disabled
19/11/2010 12:33:02 org.hibernate.cfg.SettingsFactory buildSettings
INFO: JDBC batch size: 15
19/11/2010 12:33:02 org.hibernate.cfg.SettingsFactory buildSettings
INFO: JDBC batch updates for versioned data: disabled
19/11/2010 12:33:02 org.hibernate.cfg.SettingsFactory buildSettings
INFO: Scrollable result sets: enabled
19/11/2010 12:33:02 org.hibernate.cfg.SettingsFactory buildSettings
INFO: JDBC3 getGeneratedKeys(): enabled
19/11/2010 12:33:02 org.hibernate.cfg.SettingsFactory buildSettings
INFO: Connection release mode: auto
19/11/2010 12:33:02 org.hibernate.cfg.SettingsFactory buildSettings
INFO: Maximum outer join fetch depth: 2
19/11/2010 12:33:02 org.hibernate.cfg.SettingsFactory buildSettings
INFO: Default batch fetch size: 1
19/11/2010 12:33:02 org.hibernate.cfg.SettingsFactory buildSettings
INFO: Generate SQL with comments: disabled
19/11/2010 12:33:02 org.hibernate.cfg.SettingsFactory buildSettings
INFO: Order SQL updates by primary key: disabled
19/11/2010 12:33:02 org.hibernate.cfg.SettingsFactory buildSettings
INFO: Order SQL inserts for batching: disabled
19/11/2010 12:33:02 org.hibernate.cfg.SettingsFactory createQueryTranslatorFactory
INFO: Query translator: org.hibernate.hql.ast.ASTQueryTranslatorFactory
19/11/2010 12:33:02 org.hibernate.hql.ast.ASTQueryTranslatorFactory <init>
INFO: Using ASTQueryTranslatorFactory
19/11/2010 12:33:02 org.hibernate.cfg.SettingsFactory buildSettings
INFO: Query language substitutions: {}
19/11/2010 12:33:02 org.hibernate.cfg.SettingsFactory buildSettings
INFO: JPA-QL strict compliance: enabled
19/11/2010 12:33:02 org.hibernate.cfg.SettingsFactory buildSettings
INFO: Second-level cache: enabled
19/11/2010 12:33:02 org.hibernate.cfg.SettingsFactory buildSettings
INFO: Query cache: disabled
19/11/2010 12:33:02 org.hibernate.cfg.SettingsFactory createCacheProvider
INFO: Cache provider: org.hibernate.cache.NoCacheProvider
19/11/2010 12:33:02 org.hibernate.cfg.SettingsFactory buildSettings
INFO: Optimize cache for minimal puts: disabled
19/11/2010 12:33:02 org.hibernate.cfg.SettingsFactory buildSettings
INFO: Structured second-level cache entries: disabled
19/11/2010 12:33:02 org.hibernate.cfg.SettingsFactory buildSettings
INFO: Statistics: disabled
19/11/2010 12:33:02 org.hibernate.cfg.SettingsFactory buildSettings
INFO: Deleted entity synthetic identifier rollback: disabled
19/11/2010 12:33:02 org.hibernate.cfg.SettingsFactory buildSettings
INFO: Default entity-mode: pojo
19/11/2010 12:33:02 org.hibernate.cfg.SettingsFactory buildSettings
INFO: Named query checking : enabled
19/11/2010 12:33:02 org.hibernate.impl.SessionFactoryImpl <init>
INFO: building session factory
19/11/2010 12:33:02 org.hibernate.impl.SessionFactoryObjectFactory addInstance
INFO: Not binding factory to JNDI, no JNDI name configured
19/11/2010 12:33:02 org.hibernate.tool.hbm2ddl.SchemaUpdate execute
INFO: Running hbm2ddl schema update
19/11/2010 12:33:02 org.hibernate.tool.hbm2ddl.SchemaUpdate execute
INFO: fetching database metadata
19/11/2010 12:33:02 org.hibernate.tool.hbm2ddl.SchemaUpdate execute
INFO: updating schema
19/11/2010 12:33:02 org.hibernate.tool.hbm2ddl.TableMetadata <init>
INFO: table found: svtestes.carrinho
19/11/2010 12:33:02 org.hibernate.tool.hbm2ddl.TableMetadata <init>
INFO: columns: [id_carrinho]
19/11/2010 12:33:02 org.hibernate.tool.hbm2ddl.TableMetadata <init>
INFO: foreign keys: []
19/11/2010 12:33:02 org.hibernate.tool.hbm2ddl.TableMetadata <init>
INFO: indexes: [primary]
19/11/2010 12:33:02 org.hibernate.tool.hbm2ddl.TableMetadata <init>
INFO: table found: svtestes.item
19/11/2010 12:33:02 org.hibernate.tool.hbm2ddl.TableMetadata <init>
INFO: columns: [quantidade, valor, id_produto, id_item, id_carrinho]
19/11/2010 12:33:02 org.hibernate.tool.hbm2ddl.TableMetadata <init>
INFO: foreign keys: []
19/11/2010 12:33:02 org.hibernate.tool.hbm2ddl.TableMetadata <init>
INFO: indexes: [primary, fk317b13ff68729f]
19/11/2010 12:33:02 org.hibernate.tool.hbm2ddl.TableMetadata <init>
INFO: table found: svtestes.loja
19/11/2010 12:33:02 org.hibernate.tool.hbm2ddl.TableMetadata <init>
INFO: columns: [id_loja, nome]
19/11/2010 12:33:02 org.hibernate.tool.hbm2ddl.TableMetadata <init>
INFO: foreign keys: []
19/11/2010 12:33:02 org.hibernate.tool.hbm2ddl.TableMetadata <init>
INFO: indexes: [primary]
19/11/2010 12:33:02 org.hibernate.tool.hbm2ddl.TableMetadata <init>
INFO: table found: svtestes.pedido
19/11/2010 12:33:02 org.hibernate.tool.hbm2ddl.TableMetadata <init>
INFO: columns: [carrinho_id_carrinho, valortotal, id_pedido]
19/11/2010 12:33:02 org.hibernate.tool.hbm2ddl.TableMetadata <init>
INFO: foreign keys: []
19/11/2010 12:33:02 org.hibernate.tool.hbm2ddl.TableMetadata <init>
INFO: indexes: [primary, fkc4dd17451e1ab2ea]
19/11/2010 12:33:02 org.hibernate.tool.hbm2ddl.TableMetadata <init>
INFO: table found: svtestes.produto
19/11/2010 12:33:02 org.hibernate.tool.hbm2ddl.TableMetadata <init>
INFO: columns: [preco, quantidade, imagem, id_produto, nome, loja_id_loja]
19/11/2010 12:33:02 org.hibernate.tool.hbm2ddl.TableMetadata <init>
INFO: foreign keys: []
19/11/2010 12:33:02 org.hibernate.tool.hbm2ddl.TableMetadata <init>
INFO: indexes: [primary, fked8dcef9ee598cba]
19/11/2010 12:33:02 org.hibernate.tool.hbm2ddl.SchemaUpdate execute
INFO: schema update complete
]]></system-err>
</testsuite>
